C51 COMPILER V9.54   AT24C02                                                               12/27/2022 20:07:41 PAGE 1   


C51 COMPILER V9.54, COMPILATION OF MODULE AT24C02
OBJECT MODULE PLACED IN .\Objects\At24c02.obj
COMPILER INVOKED BY: D:\Keil_v5\C51\BIN\C51.EXE At24c02.c OPTIMIZE(8,SPEED) BROWSE DEBUG OBJECTEXTEND PRINT(.\Listings\A
                    -t24c02.lst) OBJECT(.\Objects\At24c02.obj)

line level    source

   1          #include <REGX52.H>
   2          #include "At24c02.h"
   3          #include "I2C.h"
   4          
   5          #define At24c02ADDR 0XA0   //AT24C02硬件地址
   6          
   7          void At24c02_WriteByte(unsigned char WordAddress,unsigned char DATA)
   8          {
   9   1              I2CStart();
  10   1              I2CSendByte(At24c02ADDR);
  11   1              I2CReceiveACK();
  12   1      
  13   1              I2CSendByte(WordAddress);
  14   1              I2CReceiveACK();
  15   1      
  16   1              I2CSendByte(DATA);
  17   1              I2CReceiveACK();
  18   1              
  19   1              I2CStop();
  20   1              
  21   1      }
  22          unsigned char At24c02_ReadByte(unsigned char WordAddress)
  23          {
  24   1              unsigned char DATA=0;
  25   1              
  26   1              I2CStart();
  27   1              I2CSendByte(At24c02ADDR);
  28   1              I2CReceiveACK();
  29   1      
  30   1              I2CSendByte(WordAddress);
  31   1              I2CReceiveACK();
  32   1              
  33   1              I2CStart();
  34   1              I2CSendByte(At24c02ADDR|0x01);
  35   1              I2CReceiveACK();
  36   1              
  37   1              DATA = I2CReceiveByte();
  38   1              I2CSendACK(1);
  39   1              
  40   1              I2CStop();
  41   1              
  42   1              return DATA;
  43   1      }


MODULE INFORMATION:   STATIC OVERLAYABLE
   CODE SIZE        =     85    ----
   CONSTANT SIZE    =   ----    ----
   XDATA SIZE       =   ----    ----
   PDATA SIZE       =   ----    ----
   DATA SIZE        =   ----       4
   IDATA SIZE       =   ----    ----
   BIT SIZE         =   ----    ----
END OF MODULE INFORMATION.

C51 COMPILER V9.54   AT24C02                                                               12/27/2022 20:07:41 PAGE 2   


C51 COMPILATION COMPLETE.  0 WARNING(S),  0 ERROR(S)
