C51 COMPILER V9.54   KEY                                                                   12/27/2022 20:48:53 PAGE 1   


C51 COMPILER V9.54, COMPILATION OF MODULE KEY
OBJECT MODULE PLACED IN .\Objects\Key.obj
COMPILER INVOKED BY: D:\Keil_v5\C51\BIN\C51.EXE Key.c OPTIMIZE(8,SPEED) BROWSE DEBUG OBJECTEXTEND PRINT(.\Listings\Key.l
                    -st) OBJECT(.\Objects\Key.obj)

line level    source

   1          #include <REGX52.h>
   2          #include "Key.h"
   3          #include "Delay.h"
   4          unsigned char KeyNum=0;
   5          
   6          unsigned char Key()
   7          {
   8   1              unsigned char tmp;
   9   1              tmp=KeyNum;
  10   1              KeyNum=0;
  11   1              return tmp;
  12   1      }
  13          unsigned char Key_GetSatte()
  14          {
  15   1              unsigned char KeyNumber=0;
  16   1      
  17   1              if(P3_0==0)
  18   1              {
  19   2                      KeyNumber=1;
  20   2              }
  21   1              
  22   1              if(P3_1==0)
  23   1              {
  24   2                      KeyNumber=2;
  25   2              }
  26   1              if(P3_2==0)
  27   1              {
  28   2                      KeyNumber=3;
  29   2              }
  30   1              if(P3_3==0)
  31   1              {
  32   2                      KeyNumber=4;
  33   2              }
  34   1              
  35   1              return KeyNumber;
  36   1              
  37   1      }
  38          
  39          void Key_Loop(void)
  40          {
  41   1      
  42   1              static unsigned char NowState,LastState;
  43   1              LastState=NowState;
  44   1              NowState=Key_GetSatte();
  45   1              
  46   1              if(LastState==1 && NowState==0)
  47   1              {
  48   2                      KeyNum=1;
  49   2              }
  50   1              if(LastState==2 && NowState==0)
  51   1              {
  52   2                      KeyNum=2;
  53   2              }
  54   1              if(LastState==3 && NowState==0)
C51 COMPILER V9.54   KEY                                                                   12/27/2022 20:48:53 PAGE 2   

  55   1              {
  56   2                      KeyNum=3;
  57   2              }
  58   1              if(LastState==4 && NowState==0)
  59   1              {
  60   2                      KeyNum=4;
  61   2              }
  62   1      }


MODULE INFORMATION:   STATIC OVERLAYABLE
   CODE SIZE        =     85    ----
   CONSTANT SIZE    =   ----    ----
   XDATA SIZE       =   ----    ----
   PDATA SIZE       =   ----    ----
   DATA SIZE        =      3    ----
   IDATA SIZE       =   ----    ----
   BIT SIZE         =   ----    ----
END OF MODULE INFORMATION.


C51 COMPILATION COMPLETE.  0 WARNING(S),  0 ERROR(S)
