C51 COMPILER V9.54   MAIN                                                                  12/28/2022 13:11:59 PAGE 1   


C51 COMPILER V9.54, COMPILATION OF MODULE MAIN
OBJECT MODULE PLACED IN .\Objects\main.obj
COMPILER INVOKED BY: D:\Keil_v5\C51\BIN\C51.EXE main.c OPTIMIZE(8,SPEED) BROWSE DEBUG OBJECTEXTEND PRINT(.\Listings\main
                    -.lst) OBJECT(.\Objects\main.obj)

line level    source

   1          #include <REGX52.h>
   2          #include "Delay.h"
   3          #include "shumaguan.h"
   4          #include "Key.h"
   5          #include "timer0.h"
   6          #include "Delay.h"
   7          /*
   8          
   9          */
  10          
  11          void main()
  12          {
  13   1              unsigned char KeyNum=0,tmp;
  14   1              Timer0_Init();
  15   1              
  16   1              while (1)
  17   1              {
  18   2                      KeyNum=Key();
  19   2                      if(KeyNum)
  20   2                      {
  21   3                              Set_Buffer(1,KeyNum);
  22   3                              Set_Buffer(2,KeyNum);
  23   3                              Set_Buffer(3,KeyNum);
  24   3                      }
  25   2              
  26   2              }
  27   1      }
*** WARNING C280 IN LINE 13 OF main.c: 'tmp': unreferenced local variable
  28          void Timer0_Routine() interrupt 1
  29          {
  30   1              static unsigned int T0Count1=0,T0Count2=1; // static静态
  31   1              
  32   1              TL0=0x66;
  33   1              TH0=0xFC;
  34   1              
  35   1              T0Count1++;
  36   1              if(T0Count1>=20)
  37   1              {
  38   2                      T0Count1=0;
  39   2                      Key_Loop(); 
  40   2              }
  41   1              
  42   1              T0Count2++;
  43   1              if(T0Count2>=2)
  44   1              {
  45   2                      T0Count2=0;
  46   2                      Shumaguan_Loop();
  47   2              }
  48   1      }


MODULE INFORMATION:   STATIC OVERLAYABLE
   CODE SIZE        =    165    ----
   CONSTANT SIZE    =   ----    ----
C51 COMPILER V9.54   MAIN                                                                  12/28/2022 13:11:59 PAGE 2   

   XDATA SIZE       =   ----    ----
   PDATA SIZE       =   ----    ----
   DATA SIZE        =      4       2
   IDATA SIZE       =   ----    ----
   BIT SIZE         =   ----    ----
END OF MODULE INFORMATION.


C51 COMPILATION COMPLETE.  1 WARNING(S),  0 ERROR(S)
