C51 COMPILER V9.54   SHUMAGUAN                                                             12/27/2022 20:48:53 PAGE 1   


C51 COMPILER V9.54, COMPILATION OF MODULE SHUMAGUAN
OBJECT MODULE PLACED IN .\Objects\shumaguan.obj
COMPILER INVOKED BY: D:\Keil_v5\C51\BIN\C51.EXE shumaguan.c OPTIMIZE(8,SPEED) BROWSE DEBUG OBJECTEXTEND PRINT(.\Listings
                    -\shumaguan.lst) OBJECT(.\Objects\shumaguan.obj)

line level    source

   1          #include <REGX52.H>
   2          #include "Delay.h"
   3          #include "shumaguan.h"
   4          
   5          //共阴数码管段选表0-9
   6          unsigned char code tabel[]= {0x3F, 0x06, 0x5B, 0x4F, 0x66, 0x6D, 0x7D, 0x07, 0x7F, 0x6F,0x00};
   7          unsigned char Show_Buffer[9]={0,10,10,10,10,10,10,10,10};
   8          void Set_Buffer(int pos,int num)
   9          {
  10   1              Show_Buffer[pos]=num;
  11   1      }
  12          void showNum(int pos,int num)
  13          {
  14   1              if((pos<1) && (pos>8) && (num<0) && (num>9))
  15   1              {
  16   2                      P2_7=1;
  17   2                      P0=0XFF; // 1111 1111   清空位选 
  18   2                      P2_7=0;
  19   2                      
  20   2                      P2_6=1;
  21   2                      P0=0x00;
  22   2                      P2_6=0;
  23   2                      return ;
  24   2              }
  25   1              
  26   1              P0=0XFF; // 1111 1111   清空位选 
  27   1              P2_7 = 1;
  28   1              P0 = ~(0x01<<(pos-1)); 
  29   1              P2_7 = 0;
  30   1      
  31   1              P0=0x00; // 0000 0000   清空段选 
  32   1              P2_6 = 1;
  33   1              P0 = tabel[num];
  34   1              P2_6 = 0;
  35   1      }
  36          
  37          void Shumaguan_Loop(void)
  38          {
  39   1              static unsigned char i=1;
  40   1              showNum(i,Show_Buffer[i]);
  41   1              i++;
  42   1              if(i>=9)
  43   1              {
  44   2                      i=1;
  45   2              }
  46   1      }


MODULE INFORMATION:   STATIC OVERLAYABLE
   CODE SIZE        =    132    ----
   CONSTANT SIZE    =     11    ----
   XDATA SIZE       =   ----    ----
   PDATA SIZE       =   ----    ----
   DATA SIZE        =     10    ----
C51 COMPILER V9.54   SHUMAGUAN                                                             12/27/2022 20:48:53 PAGE 2   

   IDATA SIZE       =   ----    ----
   BIT SIZE         =   ----    ----
END OF MODULE INFORMATION.


C51 COMPILATION COMPLETE.  0 WARNING(S),  0 ERROR(S)
