C51 COMPILER V9.54   UART                                                                  12/22/2022 13:29:43 PAGE 1   


C51 COMPILER V9.54, COMPILATION OF MODULE UART
OBJECT MODULE PLACED IN .\Objects\UART.obj
COMPILER INVOKED BY: D:\Keil_v5\C51\BIN\C51.EXE UART.c OPTIMIZE(8,SPEED) BROWSE DEBUG OBJECTEXTEND PRINT(.\Listings\UART
                    -.lst) OBJECT(.\Objects\UART.obj)

line level    source

   1          #include <REGX52.h>
   2          #include "UART.h"
   3          
   4          /**
   5             * @brief     串口初始化  4800bps@11.0592MHz
   6             * @param     无
   7             * @retval    无
   8             */
   9          void UART_Init() // 4800bps@11.0592MHz
  10          {
  11   1              PCON &= 0x7F;           //波特率不倍速
  12   1              SCON = 0x50;            //8位数据,可变波特率
  13   1      
  14   1              TMOD &= 0x0F;           //清除定时器1模式位
  15   1              TMOD |= 0x20;           //设定定时器1为8位自动重装方式
  16   1              
  17   1              TL1 = 0xFA;             //设定定时初值
  18   1              TH1 = 0xFA;             //设定定时器重装值
  19   1              
  20   1              ET1 = 0;                //禁止定时器1中断
  21   1              TR1 = 1;                //启动定时器1
  22   1              
  23   1              EA=1;
  24   1              ES=1;
  25   1      }
  26          
  27          /**
  28             * @brief             串口发送一个字节数据
  29             * @param             Byte 要发送的数据
  30             * @retval    无
  31             */
  32          void UART_SendByte(unsigned char Byte)
  33          {
  34   1              SBUF=Byte;
  35   1              
  36   1              while(TI==0)
  37   1              {
  38   2                      ;
  39   2              }
  40   1              
  41   1              TI=0;//软件复位
  42   1      }
  43          /*
  44          void UART_Routine() interrupt 4
  45          {
  46                  if(RI==1)
  47                  {
  48                          P1=~SBUF;
  49                          UART_SendByte(SBUF);// 影响函数重入
  50                          RI=0;
  51                  }
  52          }
  53          */

C51 COMPILER V9.54   UART                                                                  12/22/2022 13:29:43 PAGE 2   


MODULE INFORMATION:   STATIC OVERLAYABLE
   CODE SIZE        =     35    ----
   CONSTANT SIZE    =   ----    ----
   XDATA SIZE       =   ----    ----
   PDATA SIZE       =   ----    ----
   DATA SIZE        =   ----    ----
   IDATA SIZE       =   ----    ----
   BIT SIZE         =   ----    ----
END OF MODULE INFORMATION.


C51 COMPILATION COMPLETE.  0 WARNING(S),  0 ERROR(S)
