C51 COMPILER V9.54   BUZZER                                                                12/26/2022 12:53:11 PAGE 1   


C51 COMPILER V9.54, COMPILATION OF MODULE BUZZER
OBJECT MODULE PLACED IN .\Objects\Buzzer.obj
COMPILER INVOKED BY: D:\Keil_v5\C51\BIN\C51.EXE Buzzer.c OPTIMIZE(8,SPEED) BROWSE DEBUG OBJECTEXTEND PRINT(.\Listings\Bu
                    -zzer.lst) OBJECT(.\Objects\Buzzer.obj)

line level    source

   1          #include <REGX52.h>
   2          #include "buzzer.h"
   3          #include <intrins.h>
   4          sbit Buzzer_IO=P2^3;
   5          
   6          void Buzzer_Delay500us()                //@11.0592MHz
   7          {
   8   1              unsigned char i;
   9   1      
  10   1              _nop_();
  11   1              i = 227;
  12   1              while (--i);
  13   1      }
  14          
  15          
  16          void Buzzer_Time(unsigned int ms)
  17          {
  18   1              unsigned int i=0;
  19   1              for(i=0;i<ms*2;i++)
  20   1              {
  21   2                      Buzzer_IO=!Buzzer_IO;
  22   2                      Buzzer_Delay500us();
  23   2              }
  24   1      }


MODULE INFORMATION:   STATIC OVERLAYABLE
   CODE SIZE        =     40    ----
   CONSTANT SIZE    =   ----    ----
   XDATA SIZE       =   ----    ----
   PDATA SIZE       =   ----    ----
   DATA SIZE        =   ----    ----
   IDATA SIZE       =   ----    ----
   BIT SIZE         =   ----    ----
END OF MODULE INFORMATION.


C51 COMPILATION COMPLETE.  0 WARNING(S),  0 ERROR(S)
