C51 COMPILER V9.54   DS18B20                                                               12/30/2022 19:55:30 PAGE 1   


C51 COMPILER V9.54, COMPILATION OF MODULE DS18B20
OBJECT MODULE PLACED IN .\Objects\DS18B20.obj
COMPILER INVOKED BY: D:\Keil_v5\C51\BIN\C51.EXE DS18B20.c OPTIMIZE(8,SPEED) BROWSE DEBUG OBJECTEXTEND PRINT(.\Listings\D
                    -S18B20.lst) OBJECT(.\Objects\DS18B20.obj)

line level    source

   1          #include <REGX52.H>
   2          #include "onewire.h"
   3          #include "ds18b20.h"
   4          
   5          #include "LCD1602.h"
   6          
   7          //DS18B20指令
   8          #define DS18B20_SKIP_ROM                        0xCC
   9          #define DS18B20_CONVERT_T                       0x44
  10          #define DS18B20_READ_SCRATCHPAD         0xBE
  11          
  12          /**
  13            * @brief  DS18B20开始温度变换
  14            * @param  无
  15            * @retval 无
  16            */
  17          void DS18B20_ConvertT()
  18          {
  19   1              OneWire_Init();
  20   1              OneWire_SendByte(DS18B20_SKIP_ROM);
  21   1              OneWire_SendByte(DS18B20_CONVERT_T);
  22   1      }
  23          
  24          /**
  25            * @brief  DS18B20读取温度
  26            * @param  无
  27            * @retval 温度数值
  28            */
  29          float DS18B20_ReadT()
  30          {
  31   1              unsigned char TLSB,TMSB;
  32   1              int Temp;
  33   1              float T;
  34   1              OneWire_Init();
  35   1              OneWire_SendByte(DS18B20_SKIP_ROM);
  36   1              OneWire_SendByte(DS18B20_READ_SCRATCHPAD);
  37   1              
  38   1              TLSB=OneWire_ReceiveByte();
  39   1              TMSB=OneWire_ReceiveByte();
  40   1              
  41   1      //      LCD_ShowBinNum(1,1,TMSB,8);
  42   1      //      LCD_ShowBinNum(1,9,TMSB,8);
  43   1              
  44   1              Temp=(TMSB<<8)|TLSB;
  45   1              T=Temp/16.0;
  46   1              return T;
  47   1      }


MODULE INFORMATION:   STATIC OVERLAYABLE
   CODE SIZE        =     57    ----
   CONSTANT SIZE    =   ----    ----
   XDATA SIZE       =   ----    ----
   PDATA SIZE       =   ----    ----
C51 COMPILER V9.54   DS18B20                                                               12/30/2022 19:55:30 PAGE 2   

   DATA SIZE        =   ----       1
   IDATA SIZE       =   ----    ----
   BIT SIZE         =   ----    ----
END OF MODULE INFORMATION.


C51 COMPILATION COMPLETE.  0 WARNING(S),  0 ERROR(S)
