C51 COMPILER V9.54   MAIN                                                                  12/17/2022 16:55:12 PAGE 1   


C51 COMPILER V9.54, COMPILATION OF MODULE MAIN
OBJECT MODULE PLACED IN .\Objects\main.obj
COMPILER INVOKED BY: D:\Keil_v5\C51\BIN\C51.EXE main.c OPTIMIZE(8,SPEED) BROWSE DEBUG OBJECTEXTEND PRINT(.\Listings\main
                    -.lst) OBJECT(.\Objects\main.obj)

line level    source

   1          #include <REGX52.H>
   2          #include <intrins.h>
   3          
   4          /*
   5          矩阵按键 本开发板低电平按下
   6          
   7          开发板
   8                  s2-P30 s3-P31 s4-P32 s5-P33
   9          结果
  10                  s2按下LED1点亮，松开LED1熄灭[RXDLED效果一样]
  11          */
  12          
  13          void Delay(unsigned int xms)            //@11.0592MHz
  14          {
  15   1              while(xms)
  16   1              {
  17   2                      unsigned char i, j;
  18   2      
  19   2                      _nop_();
  20   2                      i = 2;
  21   2                      j = 199;
  22   2                      do
  23   2                      {
  24   3                              while (--j);
  25   3                      } while (--i);
  26   2                      xms--;
  27   2              }
  28   1      }
  29          
  30          void main()
  31          {
  32   1              while(1)
  33   1              {
  34   2                      if(P3_0==0) // 如果s2被按下
  35   2                      {
  36   3                              Delay(30); // 按下消抖
  37   3                              while(P3_0==0) //一直按下的情况
  38   3                              {
  39   4                                      ;
  40   4                              } // 松手情况
  41   3                              Delay(30); // 松手消抖
  42   3                              
  43   3                              // 一个按键周期结束
  44   3                              P1_0=~P1_0;
  45   3                      }
  46   2              }
  47   1      }       


MODULE INFORMATION:   STATIC OVERLAYABLE
   CODE SIZE        =     49    ----
   CONSTANT SIZE    =   ----    ----
   XDATA SIZE       =   ----    ----
   PDATA SIZE       =   ----    ----
C51 COMPILER V9.54   MAIN                                                                  12/17/2022 16:55:12 PAGE 2   

   DATA SIZE        =   ----       2
   IDATA SIZE       =   ----    ----
   BIT SIZE         =   ----    ----
END OF MODULE INFORMATION.


C51 COMPILATION COMPLETE.  0 WARNING(S),  0 ERROR(S)
