C51 COMPILER V9.54   MAIN                                                                  12/26/2022 12:51:15 PAGE 1   


C51 COMPILER V9.54, COMPILATION OF MODULE MAIN
OBJECT MODULE PLACED IN .\Objects\main.obj
COMPILER INVOKED BY: D:\Keil_v5\C51\BIN\C51.EXE main.c OPTIMIZE(8,SPEED) BROWSE DEBUG OBJECTEXTEND PRINT(.\Listings\main
                    -.lst) OBJECT(.\Objects\main.obj)

line level    source

   1          #include <REGX52.h>
   2          #include "Delay.h"
   3          #include "Key.h"
   4          #include "timer0.h"
   5          #include "shumaguan.h"
   6          #include "buzzer.h"
   7          /*
   8          蜂鸣器(有源)  电信号 -> 声信号
   9          分类
  10                  有源蜂鸣器         内部自带震荡源
  11                  无源蜂鸣器         内部不带震荡源 需要控制器提供脉冲才能发生
  12          ULN
  13          乐谱
  14                  钢琴 相差8度 白黑半音 白白全音 # 升半音 b 降半音
  15                          CDEFGAB cdefgab c1d1e1f1g1a1b1  c2d2e2f2g2a2b2
  16                  A 220 a 440 a1 880  中间2^(1/12)分频
  17          */
  18          unsigned char keyNum;
  19          
  20          void main()
  21          {
  22   1              while (1)
  23   1              {
  24   2                      keyNum=Key();
  25   2                      if(keyNum!=0)
  26   2                      {
  27   3                              Buzzer_Time(100);
  28   3                              showNum(1,keyNum);
  29   3                      }
  30   2              }
  31   1      }


MODULE INFORMATION:   STATIC OVERLAYABLE
   CODE SIZE        =     30    ----
   CONSTANT SIZE    =   ----    ----
   XDATA SIZE       =   ----    ----
   PDATA SIZE       =   ----    ----
   DATA SIZE        =      1    ----
   IDATA SIZE       =   ----    ----
   BIT SIZE         =   ----    ----
END OF MODULE INFORMATION.


C51 COMPILATION COMPLETE.  0 WARNING(S),  0 ERROR(S)
