C51 COMPILER V9.54   MAIN                                                                  12/18/2022 18:57:44 PAGE 1   


C51 COMPILER V9.54, COMPILATION OF MODULE MAIN
OBJECT MODULE PLACED IN .\Objects\main.obj
COMPILER INVOKED BY: D:\Keil_v5\C51\BIN\C51.EXE main.c OPTIMIZE(8,SPEED) BROWSE DEBUG OBJECTEXTEND PRINT(.\Listings\main
                    -.lst) OBJECT(.\Objects\main.obj)

line level    source

   1          #include <REGX52.H>
   2          #include "Delay.h"
   3          #include "shumaguan.h"
   4          /*
   5          
   6          
   7          */
   8          void main()
   9          {
  10   1              while(1)
  11   1              {
  12   2      //              P1_0=1;
  13   2      //              Delay(500);
  14   2      //              P1_0=0;
  15   2      //              Delay(500);
  16   2                      showNum(2,5);
  17   2                      Delay(5);
  18   2                      showNum(3,4);
  19   2                      Delay(5);
  20   2              }
  21   1              
  22   1      }


MODULE INFORMATION:   STATIC OVERLAYABLE
   CODE SIZE        =     38    ----
   CONSTANT SIZE    =   ----    ----
   XDATA SIZE       =   ----    ----
   PDATA SIZE       =   ----    ----
   DATA SIZE        =   ----    ----
   IDATA SIZE       =   ----    ----
   BIT SIZE         =   ----    ----
END OF MODULE INFORMATION.


C51 COMPILATION COMPLETE.  0 WARNING(S),  0 ERROR(S)
