C51 COMPILER V9.54   MAIN                                                                  12/17/2022 14:57:21 PAGE 1   


C51 COMPILER V9.54, COMPILATION OF MODULE MAIN
OBJECT MODULE PLACED IN .\Objects\main.obj
COMPILER INVOKED BY: D:\Keil_v5\C51\BIN\C51.EXE main.c OPTIMIZE(8,SPEED) BROWSE DEBUG OBJECTEXTEND PRINT(.\Listings\main
                    -.lst) OBJECT(.\Objects\main.obj)

line level    source

   1          #include <REGX52.H>
   2          /*
   3          
   4          LED 本开发板低电平点亮
   5          区分正负极
   6                  长正短负 
   7                  小负短正
   8          TTL 
   9                  5v      +
  10                  0v      -
  11          电路板 P1 
  12                          高                     低
  13          p17 p16 p15 p14 p13 p12 p11 p10
  14          */
  15          
  16          void main()
  17          {
  18   1              P1=0X55; 
  19   1              // 0xFE->1111 1110
  20   1              // 0X55->0101 0101
  21   1              
  22   1              while(1)
  23   1              {
  24   2                      ;
  25   2              }
  26   1      }


MODULE INFORMATION:   STATIC OVERLAYABLE
   CODE SIZE        =      5    ----
   CONSTANT SIZE    =   ----    ----
   XDATA SIZE       =   ----    ----
   PDATA SIZE       =   ----    ----
   DATA SIZE        =   ----    ----
   IDATA SIZE       =   ----    ----
   BIT SIZE         =   ----    ----
END OF MODULE INFORMATION.


C51 COMPILATION COMPLETE.  0 WARNING(S),  0 ERROR(S)
