C51 COMPILER V9.54   DS1302                                                                12/25/2022 19:28:05 PAGE 1   


C51 COMPILER V9.54, COMPILATION OF MODULE DS1302
OBJECT MODULE PLACED IN .\Objects\DS1302.obj
COMPILER INVOKED BY: D:\Keil_v5\C51\BIN\C51.EXE DS1302.c OPTIMIZE(8,SPEED) BROWSE DEBUG OBJECTEXTEND PRINT(.\Listings\DS
                    -1302.lst) OBJECT(.\Objects\DS1302.obj)

line level    source

   1          #include <REGX52.H>
   2          
   3          sbit DS1302_SLCK=P1^0;
   4          sbit DS1302_IO=P1^1;
   5          sbit DS1302_CE=P1^2;
   6          
   7          #define DS1302_SECOND    0x80      // 都是写入的地址
   8          #define DS1302_MINUTE    0x82
   9          #define DS1302_HOUR      0x84
  10          #define DS1302_DATE      0x86
  11          #define DS1302_MONTH     0x88
  12          #define DS1302_DAY       0x8A
  13          #define DS1302_YEAR      0x8C
  14          #define DS1302_WP        0x8E
  15          
  16          
  17          unsigned char DS1302_Time[]={19,11,16,12,59,55,6};
  18          
  19          void DS1302_Init(void)
  20          {
  21   1              DS1302_CE=0;
  22   1              DS1302_SLCK=0;
  23   1      }
  24          
  25          void DS1302_WriteByte(unsigned char Command,Data)
  26          {
  27   1              unsigned char i;
  28   1              DS1302_CE=1;
  29   1              
  30   1              for(i=0;i<8;i++)
  31   1              {
  32   2                      DS1302_IO=Command & (0x01<<i);    
  33   2                      DS1302_SLCK=1;
  34   2                      DS1302_SLCK=0;
  35   2              }
  36   1              for(i=0;i<8;i++)
  37   1              {
  38   2                      DS1302_IO=Data & (0x01<<i);    
  39   2                      DS1302_SLCK=1;
  40   2                      DS1302_SLCK=0;
  41   2              }
  42   1              
  43   1              DS1302_CE=0;
  44   1      }
  45          
  46          unsigned char DS1302_ReadByte(unsigned char Command)
  47          {
  48   1              unsigned char i,Data=0x00;
  49   1              Command |=0x01; 
  50   1              DS1302_CE=1;
  51   1              for(i=0;i<8;i++)
  52   1              {
  53   2                      DS1302_IO=Command & (0x01<<i);    
  54   2                      DS1302_SLCK=0;
C51 COMPILER V9.54   DS1302                                                                12/25/2022 19:28:05 PAGE 2   

  55   2                      DS1302_SLCK=1;
  56   2              }
  57   1              for(i=0;i<8;i++)
  58   1              {
  59   2                      DS1302_SLCK=1;
  60   2                      DS1302_SLCK=0;
  61   2                      if(DS1302_IO) {Data|=(0x01<<i);}
  62   2              }
  63   1              DS1302_CE=0;
  64   1              DS1302_IO=0;
  65   1              return Data;
  66   1      }
  67          
  68          //数据转BCD码
  69          unsigned char Data2BCD(unsigned char Data)
  70          {
  71   1              unsigned char Data1, Data2;
  72   1              Data1 = Data / 10;
  73   1              Data2 = Data % 10;
  74   1              Data2 = Data2 + Data1 * 16;
  75   1              return Data2;
  76   1      }
  77          
  78          //BCD码转换为数据
  79          unsigned char BCD2Data(unsigned char Data)
  80          {
  81   1              unsigned char Data1, Data2;
  82   1              Data1 = Data / 16;
  83   1              Data2 = Data % 16;
  84   1              Data2 = Data2 + Data1 * 10;
  85   1              return Data2;
  86   1      }
  87          
  88          void DS1302_SetTime(unsigned char DS1302_Time[])
  89          {
  90   1              DS1302_WriteByte(DS1302_WP, 0x00);
  91   1              DS1302_WriteByte(DS1302_YEAR,   Data2BCD(DS1302_Time[0]));
  92   1              DS1302_WriteByte(DS1302_MONTH,  Data2BCD(DS1302_Time[1]));
  93   1              DS1302_WriteByte(DS1302_DATE,   Data2BCD(DS1302_Time[2]));
  94   1              DS1302_WriteByte(DS1302_HOUR,   Data2BCD(DS1302_Time[3]));
  95   1              DS1302_WriteByte(DS1302_MINUTE, Data2BCD(DS1302_Time[4]));
  96   1              DS1302_WriteByte(DS1302_SECOND, Data2BCD(DS1302_Time[5]));
  97   1              DS1302_WriteByte(DS1302_DAY,    Data2BCD(DS1302_Time[6]));
  98   1              DS1302_WriteByte(DS1302_WP, 0x80);
  99   1      }
 100          
 101          void DS1302_ReadTime(unsigned char DS1302_Time[])
 102          {
 103   1              unsigned char Temp;
 104   1              Temp=DS1302_ReadByte(DS1302_YEAR);
 105   1              DS1302_Time[0] = BCD2Data(Temp);  
 106   1              Temp=DS1302_ReadByte(DS1302_MONTH);
 107   1              DS1302_Time[1] = BCD2Data(Temp);
 108   1              Temp=DS1302_ReadByte(DS1302_DATE);
 109   1              DS1302_Time[2] = BCD2Data(Temp);        
 110   1              Temp=DS1302_ReadByte(DS1302_HOUR);
 111   1              DS1302_Time[3] = BCD2Data(Temp);
 112   1              Temp=DS1302_ReadByte(DS1302_MINUTE);
 113   1              DS1302_Time[4] = BCD2Data(Temp);
 114   1              Temp=DS1302_ReadByte(DS1302_SECOND);
 115   1              DS1302_Time[5] = BCD2Data(Temp);
 116   1              Temp=DS1302_ReadByte(DS1302_DAY);
C51 COMPILER V9.54   DS1302                                                                12/25/2022 19:28:05 PAGE 3   

 117   1              DS1302_Time[6] = BCD2Data(Temp);        
 118   1      }
 119          


MODULE INFORMATION:   STATIC OVERLAYABLE
   CODE SIZE        =    507    ----
   CONSTANT SIZE    =   ----    ----
   XDATA SIZE       =   ----    ----
   PDATA SIZE       =   ----    ----
   DATA SIZE        =      7       8
   IDATA SIZE       =   ----    ----
   BIT SIZE         =   ----    ----
END OF MODULE INFORMATION.


C51 COMPILATION COMPLETE.  0 WARNING(S),  0 ERROR(S)
