C51 COMPILER V9.54   MAIN                                                                  12/25/2022 19:28:05 PAGE 1   


C51 COMPILER V9.54, COMPILATION OF MODULE MAIN
OBJECT MODULE PLACED IN .\Objects\main.obj
COMPILER INVOKED BY: D:\Keil_v5\C51\BIN\C51.EXE main.c OPTIMIZE(8,SPEED) BROWSE DEBUG OBJECTEXTEND PRINT(.\Listings\main
                    -.lst) OBJECT(.\Objects\main.obj)

line level    source

   1          #include <REGX52.h>
   2          #include "ds1302.h"
   3          #include "LCD1602.h"
   4          
   5          /*
   6          DS1302
   7          
   8          VCC2    主电源
   9          VCC1    备用电池
  10          GND             电源地
  11          X1,X2   晶振
  12          CE              芯片使能    
  13          IO              芯片输入输出
  14          SCLK    串行时钟
  15          
  16          */
  17          unsigned char Second=0,Minute=0;
  18          void main()
  19          {
  20   1              unsigned char DS1302_Time[]={22,12,25,0,0,0,1};
  21   1              LCD_Init();
  22   1              LCD_ShowString(0,0,"RCT:");
  23   1              DS1302_Init();
  24   1              
  25   1              // DS1302_WriteByte(0x80,Data2BCD(55));
  26   1              
  27   1              LCD_ShowString(1,1,"  -  -  ");
  28   1              LCD_ShowString(2,1,"  :  :  ");
  29   1              DS1302_SetTime(DS1302_Time);
  30   1              while (1)
  31   1              {
  32   2      #if 0
                              Second=DS1302_ReadByte(0x81);
                              Second=BCD2Data(Second);
                              LCD_ShowNum(2,1,Second,3);
              #endif
  37   2      #if 0   
                              Second=DS1302_ReadByte(0x81);
                              Minute=DS1302_ReadByte(0x83);
                              LCD_ShowNum(2,1,BCD2Data(Minute),2);    
                              LCD_ShowNum(2,3,BCD2Data(Second),2);    
              #endif
  43   2                      DS1302_ReadTime(DS1302_Time);
  44   2                      LCD_ShowNum(1,1,DS1302_Time[0],2);      
  45   2                      LCD_ShowNum(1,4,DS1302_Time[1],2);      
  46   2                      LCD_ShowNum(1,7,DS1302_Time[2],2);      
  47   2                      LCD_ShowNum(2,1,DS1302_Time[3],2);      
  48   2                      LCD_ShowNum(2,4,DS1302_Time[4],2);      
  49   2                      LCD_ShowNum(2,7,DS1302_Time[5],2);      
  50   2                      LCD_ShowNum(2,10,DS1302_Time[6],1);     
  51   2                      
  52   2              }
  53   1      }

C51 COMPILER V9.54   MAIN                                                                  12/25/2022 19:28:05 PAGE 2   


MODULE INFORMATION:   STATIC OVERLAYABLE
   CODE SIZE        =    188    ----
   CONSTANT SIZE    =     30    ----
   XDATA SIZE       =   ----    ----
   PDATA SIZE       =   ----    ----
   DATA SIZE        =      2       7
   IDATA SIZE       =   ----    ----
   BIT SIZE         =   ----    ----
END OF MODULE INFORMATION.


C51 COMPILATION COMPLETE.  0 WARNING(S),  0 ERROR(S)
