C51 COMPILER V9.54   MAIN                                                                  12/18/2022 21:08:59 PAGE 1   


C51 COMPILER V9.54, COMPILATION OF MODULE MAIN
OBJECT MODULE PLACED IN .\Objects\main.obj
COMPILER INVOKED BY: D:\Keil_v5\C51\BIN\C51.EXE main.c OPTIMIZE(8,SPEED) BROWSE DEBUG OBJECTEXTEND PRINT(.\Listings\main
                    -.lst) OBJECT(.\Objects\main.obj)

line level    source

   1          #include <REGX52.H>
   2          #include "Delay.h"
   3          #include "LCD1602.h"
   4          #include "MatrixKey.h"
   5          
   6          /*
   7          矩阵键盘密码锁
   8          开发板 P3
   9          
  10          */
  11          void main()
  12          {
  13   1              unsigned char KeyNumber=0;
  14   1              unsigned int PassWord=0;
  15   1              unsigned int count=0;
  16   1              LCD_Init();
  17   1              LCD_ShowString(1,1,"PassWord:");
  18   1              LCD_ShowNum(2,1,0,4);
  19   1              while(1)
  20   1              {
  21   2                      KeyNumber=MatrixKey();
  22   2                      if(KeyNumber!=0)
  23   2                      {
  24   3                              if((KeyNumber<=9)|| (KeyNumber==10))//如果1-9 或者 10 被按下 输入密码
  25   3                              {
  26   4                                      if(count<4) //输入次数小于4
  27   4                                      {
  28   5                                              PassWord=PassWord*10;  //密码左移
  29   5                                              PassWord=PassWord+(KeyNumber%10);       // 获取一位密码
  30   5                                              count++;//计次加一
  31   5                                      }
  32   4                                      LCD_ShowNum(2,1,PassWord,4); // 更新显示
  33   4                              }
  34   3                              if(KeyNumber==11) // 确认键
  35   3                              {
  36   4                                      if(PassWord==2580)
  37   4                                      {
  38   5                                              LCD_ShowString(1,13,"OK ");
  39   5                                              PassWord=0; // 密码清零
  40   5                                              count=0; // 计次清零
  41   5                                              LCD_ShowNum(2,1,PassWord,4);
  42   5                                      }
  43   4                                      else
  44   4                                      {
  45   5                                              LCD_ShowString(1,13,"ERR");
  46   5                                              PassWord=0; // 密码清零
  47   5                                              count=0; // 计次清零
  48   5                                              LCD_ShowNum(2,1,PassWord,4);
  49   5                                      }
  50   4                              }
  51   3                              
  52   3                              if(KeyNumber==12)// 取消键
  53   3                              {
  54   4                                      PassWord=0; // 密码清零
C51 COMPILER V9.54   MAIN                                                                  12/18/2022 21:08:59 PAGE 2   

  55   4                                      count=0; // 计次清零
  56   4                              }
  57   3                      }
  58   2                      
  59   2                      
  60   2              }
  61   1      }


MODULE INFORMATION:   STATIC OVERLAYABLE
   CODE SIZE        =    205    ----
   CONSTANT SIZE    =     18    ----
   XDATA SIZE       =   ----    ----
   PDATA SIZE       =   ----    ----
   DATA SIZE        =   ----       5
   IDATA SIZE       =   ----    ----
   BIT SIZE         =   ----    ----
END OF MODULE INFORMATION.


C51 COMPILATION COMPLETE.  0 WARNING(S),  0 ERROR(S)
