C51 COMPILER V9.54   KEY                                                                   12/31/2022 21:53:26 PAGE 1   


C51 COMPILER V9.54, COMPILATION OF MODULE KEY
OBJECT MODULE PLACED IN .\Objects\Key.obj
COMPILER INVOKED BY: D:\Keil_v5\C51\BIN\C51.EXE Key.c OPTIMIZE(8,SPEED) BROWSE DEBUG OBJECTEXTEND PRINT(.\Listings\Key.l
                    -st) OBJECT(.\Objects\Key.obj)

line level    source

   1          #include <REGX52.h>
   2          #include "Key.h"
   3          #include "Delay.h"
   4          /**
   5             * @brief 获取独立按键键码
   6             * @param
   7             * @retval 按下的键码 范围 0-5 无按键按下返回0
   8             */
   9          unsigned char Key()
  10          {
  11   1              unsigned char KeyNumber=0;
  12   1      
  13   1              if(P3_0==0)
  14   1              {
  15   2                      Delay(20);
  16   2                      while(P3_0==0)
  17   2                      {
  18   3                              ;
  19   3                      }
  20   2                      Delay(20);
  21   2                      KeyNumber=1;
  22   2              }
  23   1              
  24   1              if(P3_1==0)
  25   1              {
  26   2                      Delay(20);
  27   2                      while(P3_1==0)
  28   2                      {
  29   3                              ;
  30   3                      }
  31   2                      Delay(20);
  32   2                      KeyNumber=2;
  33   2              }
  34   1              if(P3_2==0)
  35   1              {
  36   2                      Delay(20);
  37   2                      while(P3_2==0)
  38   2                      {
  39   3                              ;
  40   3                      }
  41   2                      Delay(20);
  42   2                      KeyNumber=3;
  43   2              }
  44   1              if(P3_3==0)
  45   1              {
  46   2                      Delay(20);
  47   2                      while(P3_3==0)
  48   2                      {
  49   3                              ;
  50   3                      }
  51   2                      Delay(20);
  52   2                      KeyNumber=4;
  53   2              }
  54   1              
C51 COMPILER V9.54   KEY                                                                   12/31/2022 21:53:26 PAGE 2   

  55   1              return KeyNumber;
  56   1              
  57   1      }


MODULE INFORMATION:   STATIC OVERLAYABLE
   CODE SIZE        =     97    ----
   CONSTANT SIZE    =   ----    ----
   XDATA SIZE       =   ----    ----
   PDATA SIZE       =   ----    ----
   DATA SIZE        =   ----       1
   IDATA SIZE       =   ----    ----
   BIT SIZE         =   ----    ----
END OF MODULE INFORMATION.


C51 COMPILATION COMPLETE.  0 WARNING(S),  0 ERROR(S)
