C51 COMPILER V9.54   MOTO                                                                  12/31/2022 21:53:26 PAGE 1   


C51 COMPILER V9.54, COMPILATION OF MODULE MOTO
OBJECT MODULE PLACED IN .\Objects\Moto.obj
COMPILER INVOKED BY: D:\Keil_v5\C51\BIN\C51.EXE Moto.c OPTIMIZE(8,SPEED) BROWSE DEBUG OBJECTEXTEND PRINT(.\Listings\Moto
                    -.lst) OBJECT(.\Objects\Moto.obj)

line level    source

   1          #include <REGX52.H>
   2          #include "moto.h"
   3          #include "timer1.h"
   4          
   5          sbit Moto = P2^0;
   6          
   7          unsigned char Counter,Compare;
   8          
   9          
  10          void Moto_Init()
  11          {
  12   1              Timer1_Init();
  13   1      }
  14          void Moto_Set_Speed(unsigned char Speed)
  15          {
  16   1              Compare=Speed;
  17   1      }
  18          void Timer1_Routine() interrupt 3
  19          {
  20   1              TL1 = 0xA4;             //设置定时初值
  21   1              TH1 = 0xFF;             //设置定时初值
  22   1      
  23   1              Counter++;
  24   1      //      if(Counter==100)
  25   1      //              Counter=0;
  26   1              Counter%=100;
  27   1              
  28   1              if(Counter<Compare)
  29   1              {
  30   2                      Moto=1;
  31   2              }
  32   1              else
  33   1              {
  34   2                      Moto=0;
  35   2              }
  36   1      }


MODULE INFORMATION:   STATIC OVERLAYABLE
   CODE SIZE        =     49    ----
   CONSTANT SIZE    =   ----    ----
   XDATA SIZE       =   ----    ----
   PDATA SIZE       =   ----    ----
   DATA SIZE        =      2    ----
   IDATA SIZE       =   ----    ----
   BIT SIZE         =   ----    ----
END OF MODULE INFORMATION.


C51 COMPILATION COMPLETE.  0 WARNING(S),  0 ERROR(S)
