C51 COMPILER V9.54   SHUMAGUAN                                                             12/31/2022 21:53:26 PAGE 1   


C51 COMPILER V9.54, COMPILATION OF MODULE SHUMAGUAN
OBJECT MODULE PLACED IN .\Objects\shumaguan.obj
COMPILER INVOKED BY: D:\Keil_v5\C51\BIN\C51.EXE shumaguan.c OPTIMIZE(8,SPEED) BROWSE DEBUG OBJECTEXTEND PRINT(.\Listings
                    -\shumaguan.lst) OBJECT(.\Objects\shumaguan.obj)

line level    source

   1          #include <REGX52.H>
   2          #include "Delay.h"
   3          #include "shumaguan.h"
   4          //共阴数码管段选表0-9
   5          unsigned char code tabel[]= {0x3F, 0x06, 0x5B, 0x4F, 0x66, 0x6D, 0x7D, 0x07, 0x7F, 0x6F};
   6          
   7          void showNum(int pos,int num)
   8          {
   9   1              if((pos<1) && (pos>8) && (num<0) && (num>9))
  10   1              {
  11   2                      P2_7=1;
  12   2                      P0=0XFF; // 1111 1111   清空位选 
  13   2                      P2_7=0;
  14   2                      
  15   2                      P2_6=1;
  16   2                      P0=0x00;
  17   2                      P2_6=0;
  18   2                      return ;
  19   2              }
  20   1              
  21   1              P0=0XFF; // 1111 1111   清空位选 
  22   1              P2_7 = 1;
  23   1              P0 = ~(0x01<<(pos-1)); 
  24   1              P2_7 = 0;
  25   1      
  26   1              P0=0x00; // 0000 0000   清空段选 
  27   1              P2_6 = 1;
  28   1              P0 = tabel[num];
  29   1              P2_6 = 0;
  30   1              Delay(5);
  31   1      }


MODULE INFORMATION:   STATIC OVERLAYABLE
   CODE SIZE        =    106    ----
   CONSTANT SIZE    =     10    ----
   XDATA SIZE       =   ----    ----
   PDATA SIZE       =   ----    ----
   DATA SIZE        =   ----    ----
   IDATA SIZE       =   ----    ----
   BIT SIZE         =   ----    ----
END OF MODULE INFORMATION.


C51 COMPILATION COMPLETE.  0 WARNING(S),  0 ERROR(S)
