C51 COMPILER V9.54   TIMER0                                                                12/31/2022 21:53:26 PAGE 1   


C51 COMPILER V9.54, COMPILATION OF MODULE TIMER0
OBJECT MODULE PLACED IN .\Objects\Timer0.obj
COMPILER INVOKED BY: D:\Keil_v5\C51\BIN\C51.EXE Timer0.c OPTIMIZE(8,SPEED) BROWSE DEBUG OBJECTEXTEND PRINT(.\Listings\Ti
                    -mer0.lst) OBJECT(.\Objects\Timer0.obj)

line level    source

   1          #include <REGX52.h>
   2          #include "timer0.h"
   3          
   4          /**
   5             * @brief     定时器0初始化 1毫秒@11.0592MHz
   6             * @param     无
   7             * @retval    无
   8             */
   9          void Timer0_Init(void)          //1毫秒@11.0592MHz
  10          {
  11   1              TMOD&=0xF0;             //设置定时器模式
  12   1              TMOD|=0x01;             //设置定时器模式
  13   1              
  14   1              TL0=0x66;               //设置定时初值
  15   1              TH0=0xFC;               //设置定时初值
  16   1              
  17   1              TF0=0;                  //清除TF0标志
  18   1              TR0=0;                  //定时器0不计时
  19   1      
  20   1      }
  21          
  22          void Timer0_SetCounter(unsigned int Value)
  23          {
  24   1              TH0=Value/256;
  25   1              TL0=Value%256;
  26   1      }
  27          unsigned int Timer0_GetCounter()
  28          {       
  29   1              return (TH0<<8)|TL0;
  30   1      }
  31          
  32          void Timer0_Run(unsigned int Flag)
  33          {
  34   1              TR0=Flag;
  35   1      }


MODULE INFORMATION:   STATIC OVERLAYABLE
   CODE SIZE        =     44    ----
   CONSTANT SIZE    =   ----    ----
   XDATA SIZE       =   ----    ----
   PDATA SIZE       =   ----    ----
   DATA SIZE        =   ----    ----
   IDATA SIZE       =   ----    ----
   BIT SIZE         =   ----    ----
END OF MODULE INFORMATION.


C51 COMPILATION COMPLETE.  0 WARNING(S),  0 ERROR(S)
