C51 COMPILER V9.54   MAIN                                                                  12/17/2022 20:56:06 PAGE 1   


C51 COMPILER V9.54, COMPILATION OF MODULE MAIN
OBJECT MODULE PLACED IN .\Objects\main.obj
COMPILER INVOKED BY: D:\Keil_v5\C51\BIN\C51.EXE main.c OPTIMIZE(8,SPEED) BROWSE DEBUG OBJECTEXTEND PRINT(.\Listings\main
                    -.lst) OBJECT(.\Objects\main.obj)

line level    source

   1          #include <REGX52.H>
   2          
   3          /*
   4          数码管显示 共阴极 高电平有效
   5          
   6          开发板 P0
   7          8   7   6   5   4   3   2   1       0 选中
   8          p07 p06 p05 p04 p03 p02 p01 p00
   9          p   g   f   e   d   c   b   a           1 点亮
  10          
  11          位选 P2_7
  12                  1       打开  
  13                  0       锁存
  14          段选 P2_6
  15                  1       打开  
  16                  0       锁存
  17          */
  18          
  19          /*
  20          0x3F,  //"0"
  21          0x06,  //"1"
  22          0x5B,  //"2"
  23          0x4F,  //"3"
  24          0x66,  //"4"
  25          0x6D,  //"5"
  26          0x7D,  //"6"
  27          0x07,  //"7"
  28          0x7F,  //"8"
  29          0x6F,  //"9"
  30          0x77,  //"A"
  31          0x7C,  //"B"
  32          0x39,  //"C"
  33          0x5E,  //"D"
  34          0x79,  //"E"
  35          0x71,  //"F"
  36          0x76,  //"H"
  37          0x38,  //"L"
  38          0x40,  //"-"
  39          0x00,  //熄灭
  40          
  41          */
  42          /*
  43                  P2_7 = 1;//打开位选锁存器
  44                  P0 = 0xFE; //1111 1110 选通第一位数码管
  45                  P2_7 = 0;//锁存位选数据
  46          
  47                  P2_6 = 1;//打开段选锁存器
  48                  P0 = 0x3F;//0000 0110 显示“1”
  49                  P2_6 = 0;//锁存段选数据
  50          */
  51          //共阴数码管段选表0-9
  52          unsigned char code tabel[]= {0x3F, 0x06, 0x5B, 0x4F, 0x66, 0x6D, 0x7D, 0x07, 0x7F, 0x6F,0x00};
  53          
  54          
C51 COMPILER V9.54   MAIN                                                                  12/17/2022 20:56:06 PAGE 2   

  55          // pos 显示位置
  56          // num 显示数字
  57          void showNum(int pos,int num)
  58          {
  59   1              if((pos<1) && (pos>8) && (num<0) && (num>9))
  60   1              {
  61   2                      P2_7=1;
  62   2                      P0=0XFF; // 1111 1111   清空位选 
  63   2                      P2_7=0;
  64   2                      
  65   2                      P2_6=1;
  66   2                      P0=0x00;
  67   2                      P2_6=0;
  68   2                      return ;
  69   2              }
  70   1              
  71   1              P0=0XFF; // 1111 1111   清空位选 
  72   1              P2_7=1;
  73   1              P0=~(0x01<<(pos-1)); 
  74   1              P2_7=0;
  75   1      
  76   1              P0=0x00; // 0000 0000   清空段选 
  77   1              P2_6=1;
  78   1              P0=tabel[num];
  79   1              P2_6=0;
  80   1      }
  81          void main()
  82          {
  83   1              P0=0x00;
  84   1              
  85   1              showNum(8,-4);
  86   1              
  87   1              while(1)
  88   1              {
  89   2                      
  90   2              }// while()结束
  91   1      }


MODULE INFORMATION:   STATIC OVERLAYABLE
   CODE SIZE        =    111    ----
   CONSTANT SIZE    =     11    ----
   XDATA SIZE       =   ----    ----
   PDATA SIZE       =   ----    ----
   DATA SIZE        =   ----    ----
   IDATA SIZE       =   ----    ----
   BIT SIZE         =   ----    ----
END OF MODULE INFORMATION.


C51 COMPILATION COMPLETE.  0 WARNING(S),  0 ERROR(S)
