C51 COMPILER V9.54   MAIN                                                                  12/31/2022 20:09:38 PAGE 1   


C51 COMPILER V9.54, COMPILATION OF MODULE MAIN
OBJECT MODULE PLACED IN .\Objects\main.obj
COMPILER INVOKED BY: D:\Keil_v5\C51\BIN\C51.EXE main.c OPTIMIZE(8,SPEED) BROWSE DEBUG OBJECTEXTEND PRINT(.\Listings\main
                    -.lst) OBJECT(.\Objects\main.obj)

line level    source

   1          #include <REGX52.h>
   2          #include "Delay.h"
   3          #include "timer0.h"
   4          /*
   5          直流电机
   6                  永磁体       线圈  转换器
   7          其他电机
   8                  步进电机    舵机  无刷电机    空心杯电机
   9          PWM 脉通宽度调制
  10                  频率=1/Ts     占空比Ton/Ts 精度占空比变化步距 1% 2%...
  11                  ____--____--____
  12          */
  13          
  14          sbit DA = P1^1;
  15          unsigned char Counter,Compare;  //计数值和比较值，用于输出PWM
  16          void main()
  17          {
  18   1              unsigned char i;
  19   1              
  20   1              Timer0Init();
  21   1              Compare=25;
  22   1              while (1)
  23   1              {
  24   2                      for(i=0;i<100;i++)
  25   2                      {
  26   3                              Compare=i;                      //设置比较值，改变PWM占空比
  27   3                              Delay(10);
  28   3                      }
  29   2                      for(i=100;i>0;i--)
  30   2                      {
  31   3                              Compare=i;                      //设置比较值，改变PWM占空比
  32   3                              Delay(10);
  33   3                      }
  34   2                      
  35   2              }
  36   1      }
  37          void Timer0_Routine() interrupt 1
  38          {
  39   1              TL0 = 0xA4;             //设置定时初值
  40   1              TH0 = 0xFF;             //设置定时初值
  41   1              
  42   1              
  43   1              Counter++;
  44   1      //      if(Counter==100)
  45   1      //              Counter=0;
  46   1              Counter%=100;
  47   1              
  48   1              if(Counter<Compare)
  49   1              {
  50   2                      DA=1;
  51   2              }
  52   1              else
  53   1              {
  54   2                      DA=0;
C51 COMPILER V9.54   MAIN                                                                  12/31/2022 20:09:38 PAGE 2   

  55   2              }
  56   1      }


MODULE INFORMATION:   STATIC OVERLAYABLE
   CODE SIZE        =     95    ----
   CONSTANT SIZE    =   ----    ----
   XDATA SIZE       =   ----    ----
   PDATA SIZE       =   ----    ----
   DATA SIZE        =      2       1
   IDATA SIZE       =   ----    ----
   BIT SIZE         =   ----    ----
END OF MODULE INFORMATION.


C51 COMPILATION COMPLETE.  0 WARNING(S),  0 ERROR(S)
