C51 COMPILER V9.54   MAIN                                                                  12/31/2022 20:04:40 PAGE 1   


C51 COMPILER V9.54, COMPILATION OF MODULE MAIN
OBJECT MODULE PLACED IN .\Objects\main.obj
COMPILER INVOKED BY: D:\Keil_v5\C51\BIN\C51.EXE main.c OPTIMIZE(8,SPEED) BROWSE DEBUG OBJECTEXTEND PRINT(.\Listings\main
                    -.lst) OBJECT(.\Objects\main.obj)

line level    source

   1          #include <REGX52.h>
   2          #include "Delay.h"
   3          #include "LCD1602.h"
   4          #include "XPT2046.h"
   5          /*
   6          AD 模数转换
   7                  通常有多个输入通道 用多路选择开关至AD转换器
   8                  
   9                  AD/DA与单片机数据传输可使用并口、串口
  10          DA 数模转换
  11          运算放大器
  12                  是具有很高放大倍数的放大电路单元
  13                  内部集成了差分放大器 电压放大器 功率放大器
  14          DA
  15                  V0=(D7~D0)/256*Vref
  16          AD
  17                  (D7~D0)=(Vin/Vref)*256
  18                  
  19          分辨率
  20                  对于5V电源系统来说 8位AD可将5V等分为256份 
  21                  模拟量变化位0.01953125V 即电压分辨率
  22          转换速度
  23                  
  24          XPT2046
  25                  内涵12位分辨率 25KHz
  26          XPT2046时序
  27          
  28          */
  29          void main()
  30          {
  31   1              unsigned int ADValue=0;
  32   1              LCD_Init();
  33   1              LCD_ShowString(1,1,"ADJ  NTC  GR");
  34   1              while (1)
  35   1              {
  36   2                      ADValue=XPT2046_ReadAD(XPT2046_XP_8);           //读取AIN0，可调电阻
  37   2                      LCD_ShowNum(2,1,ADValue,3);                             //显示AIN0
  38   2                      ADValue=XPT2046_ReadAD(XPT2046_YP_8);           //读取AIN1，热敏电阻
  39   2                      LCD_ShowNum(2,6,ADValue,3);                             //显示AIN1
  40   2                      ADValue=XPT2046_ReadAD(XPT2046_VBAT_8); //读取AIN2，光敏电阻
  41   2                      LCD_ShowNum(2,11,ADValue,3);                    //显示AIN2
  42   2              }
  43   1      }


MODULE INFORMATION:   STATIC OVERLAYABLE
   CODE SIZE        =     92    ----
   CONSTANT SIZE    =     13    ----
   XDATA SIZE       =   ----    ----
   PDATA SIZE       =   ----    ----
   DATA SIZE        =   ----       2
   IDATA SIZE       =   ----    ----
   BIT SIZE         =   ----    ----
END OF MODULE INFORMATION.

C51 COMPILER V9.54   MAIN                                                                  12/31/2022 20:04:40 PAGE 2   


C51 COMPILATION COMPLETE.  0 WARNING(S),  0 ERROR(S)
