C51 COMPILER V9.54   XPT2046                                                               12/31/2022 20:04:40 PAGE 1   


C51 COMPILER V9.54, COMPILATION OF MODULE XPT2046
OBJECT MODULE PLACED IN .\Objects\XPT2046.obj
COMPILER INVOKED BY: D:\Keil_v5\C51\BIN\C51.EXE XPT2046.c OPTIMIZE(8,SPEED) BROWSE DEBUG OBJECTEXTEND PRINT(.\Listings\X
                    -PT2046.lst) OBJECT(.\Objects\XPT2046.obj)

line level    source

   1          #include <REGX52.H>
   2          #include "XPT2046.h"
   3          #include "Delay.h"
   4          
   5          //引脚定义
   6          sbit XPY2046_DIN=P2^0;
   7          sbit XPY2046_CS=P3^7;
   8          sbit XPY2046_DCLK=P2^1;
   9          sbit XPY2046_DOUT=P2^5;
  10          
  11          
  12          /**
  13            * @brief  ZPT2046读取AD值
  14            * @param  Command 命令字，范围：头文件内定义的宏，结尾的数字表示转换的位数
  15            * @retval AD转换后的数字量，范围：8位为0~255，12位为0~4095
  16            */
  17          unsigned int XPT2046_ReadAD(unsigned char Command)
  18          {
  19   1              unsigned char i;
  20   1              unsigned int Data=0;
  21   1              
  22   1              XPY2046_DCLK=0;
  23   1              XPY2046_CS=0;
  24   1              
  25   1              for(i=0;i<8;i++)
  26   1              {
  27   2                      XPY2046_DIN=Command&(0x80>>i);
  28   2                      XPY2046_DCLK=1;
  29   2                      Delay(1);
  30   2                      XPY2046_DCLK=0;
  31   2              }
  32   1              
  33   1              for(i=0;i<16;i++)
  34   1              {
  35   2                      XPY2046_DCLK=1;
  36   2                      XPY2046_DCLK=0;
  37   2                      
  38   2                      if(XPY2046_DOUT)
  39   2                      {
  40   3                              Data|=(0x8000>>i);
  41   3                      }
  42   2              }
  43   1              XPY2046_CS=1;
  44   1              
  45   1              if(Command&0x08)
  46   1              {
  47   2                      return Data>>8;
  48   2              }
  49   1              else
  50   1              {
  51   2                      return Data>>4;
  52   2              }
  53   1              
  54   1      }
C51 COMPILER V9.54   XPT2046                                                               12/31/2022 20:04:40 PAGE 2   



MODULE INFORMATION:   STATIC OVERLAYABLE
   CODE SIZE        =    125    ----
   CONSTANT SIZE    =   ----    ----
   XDATA SIZE       =   ----    ----
   PDATA SIZE       =   ----    ----
   DATA SIZE        =   ----       4
   IDATA SIZE       =   ----    ----
   BIT SIZE         =   ----    ----
END OF MODULE INFORMATION.


C51 COMPILATION COMPLETE.  0 WARNING(S),  0 ERROR(S)
