C51 COMPILER V9.54   MAIN                                                                  12/19/2022 19:01:10 PAGE 1   


C51 COMPILER V9.54, COMPILATION OF MODULE MAIN
OBJECT MODULE PLACED IN .\Objects\main.obj
COMPILER INVOKED BY: D:\Keil_v5\C51\BIN\C51.EXE main.c OPTIMIZE(8,SPEED) BROWSE DEBUG OBJECTEXTEND PRINT(.\Listings\main
                    -.lst) OBJECT(.\Objects\main.obj)

line level    source

   1          #include <REGX52.h>
   2          #include "timer0.h" 
   3          #include "lcd1602.h"
   4          #include "Delay.h"
   5          
   6          unsigned char Sec=57,Min=59,Hour=23;
   7          
   8          void main()
   9          {
  10   1              LCD_Init();
  11   1              Timer0Init();
  12   1              LCD_ShowString(1,1,"Clock:");
  13   1              LCD_ShowString(2,1,"  :  :  ");
  14   1              while (1)
  15   1              {
  16   2                      LCD_ShowNum(2,1,Hour,2);        
  17   2                      LCD_ShowNum(2,4,Min,2);
  18   2                      LCD_ShowNum(2,7,Sec,2);
  19   2                      
  20   2              }
  21   1      }
  22          
  23          void Timer0_Routine() interrupt 1
  24          {
  25   1              static unsigned int T0Count=0; // static静态
  26   1              
  27   1              TL0=0x66;
  28   1              TH0=0xFC;
  29   1              
  30   1              T0Count++;
  31   1              
  32   1              if(T0Count>=1000)
  33   1              {
  34   2                      T0Count=0;
  35   2                      Sec++;
  36   2                      if(Sec>=60)
  37   2                      {
  38   3                              Sec=0;
  39   3                              Min++;
  40   3                              if(Min>=60)
  41   3                              {
  42   4                                      Min=0;
  43   4                                      Hour++;
  44   4                                      if(Hour>=24)
  45   4                                      {
  46   5                                              Hour=0;
  47   5                                      }
  48   4                              }
  49   3                      }
  50   2              }       
  51   1      }


MODULE INFORMATION:   STATIC OVERLAYABLE
C51 COMPILER V9.54   MAIN                                                                  12/19/2022 19:01:10 PAGE 2   

   CODE SIZE        =    150    ----
   CONSTANT SIZE    =     16    ----
   XDATA SIZE       =   ----    ----
   PDATA SIZE       =   ----    ----
   DATA SIZE        =      5    ----
   IDATA SIZE       =   ----    ----
   BIT SIZE         =   ----    ----
END OF MODULE INFORMATION.


C51 COMPILATION COMPLETE.  0 WARNING(S),  0 ERROR(S)
