C51 COMPILER V9.54   MAIN                                                                  12/17/2022 15:52:15 PAGE 1   


C51 COMPILER V9.54, COMPILATION OF MODULE MAIN
OBJECT MODULE PLACED IN .\Objects\main.obj
COMPILER INVOKED BY: D:\Keil_v5\C51\BIN\C51.EXE main.c OPTIMIZE(8,SPEED) BROWSE DEBUG OBJECTEXTEND PRINT(.\Listings\main
                    -.lst) OBJECT(.\Objects\main.obj)

line level    source

   1          #include <REGX52.H>
   2          /*
   3          矩阵按键 本开发板低电平按下
   4          
   5          开发板
   6                  s2-P30 s3-P31 s4-P32 s5-P33
   7          结果
   8                  s2按下LED1点亮，松开LED1熄灭[RXDLED效果一样]
   9          */
  10          void main()
  11          {
  12   1              P1_0=1;// 熄灭
  13   1              
  14   1              while(1)
  15   1              {
  16   2                      if(P3_0==0)// 如果s2被按下
  17   2                      {
  18   3                              P1_0=0; // 点亮
  19   3                      }
  20   2                      else
  21   2                      {
  22   3                              P1_0=1;// 熄灭
  23   3                      }
  24   2              }
  25   1      }       


MODULE INFORMATION:   STATIC OVERLAYABLE
   CODE SIZE        =     13    ----
   CONSTANT SIZE    =   ----    ----
   XDATA SIZE       =   ----    ----
   PDATA SIZE       =   ----    ----
   DATA SIZE        =   ----    ----
   IDATA SIZE       =   ----    ----
   BIT SIZE         =   ----    ----
END OF MODULE INFORMATION.


C51 COMPILATION COMPLETE.  0 WARNING(S),  0 ERROR(S)
