C51 COMPILER V9.54   MAIN                                                                  12/30/2022 21:21:44 PAGE 1   


C51 COMPILER V9.54, COMPILATION OF MODULE MAIN
OBJECT MODULE PLACED IN .\Objects\main.obj
COMPILER INVOKED BY: D:\Keil_v5\C51\BIN\C51.EXE main.c OPTIMIZE(8,SPEED) BROWSE DEBUG OBJECTEXTEND PRINT(.\Listings\main
                    -.lst) OBJECT(.\Objects\main.obj)

line level    source

   1          #include <REGX52.h>
   2          #include "Delay.h"
   3          #include "Key.h"
   4          #include "shumaguan.h"
   5          #include "timer0.h"
   6          /*
   7          直流电机
   8                  永磁体       线圈  转换器
   9          其他电机
  10                  步进电机    舵机  无刷电机    空心杯电机
  11          PWM 脉通宽度调制
  12                  频率=1/Ts     占空比Ton/Ts 精度占空比变化步距 1% 2%...
  13                  ____--____--____
  14          */
  15          unsigned char Counter,Compare,KeyNum,Speed=1;
  16          
  17          sbit Moto = P2^0;
  18          
  19          void main()
  20          {
  21   1              Timer0Init();
  22   1              Compare=25;
  23   1              while (1)
  24   1              {
  25   2                      KeyNum=Key();
  26   2                      if(KeyNum==1)
  27   2                      {
  28   3                              Speed++;
  29   3                              if(Speed==5)
  30   3                              {
  31   4                                      Speed=1;
  32   4                              }
  33   3                              if(Speed==1)
  34   3                              {
  35   4                                      Compare=25;
  36   4                              }
  37   3                              if(Speed==2)
  38   3                              {
  39   4                                      Compare=50;
  40   4                              }
  41   3                              if(Speed==3)
  42   3                              {
  43   4                                      Compare=75;
  44   4                              }
  45   3                              if(Speed==4)
  46   3                              {
  47   4                                      Compare=100;
  48   4                              }
  49   3                      }
  50   2                      showNum(1,Speed);
  51   2              }
  52   1      }
  53          void Timer0_Routine() interrupt 1
  54          {
C51 COMPILER V9.54   MAIN                                                                  12/30/2022 21:21:44 PAGE 2   

  55   1              TL0 = 0xA4;             //设置定时初值
  56   1              TH0 = 0xFF;             //设置定时初值
  57   1              
  58   1              
  59   1              Counter++;
  60   1      //      if(Counter==100)
  61   1      //              Counter=0;
  62   1              Counter%=100;
  63   1              
  64   1              if(Counter<Compare)
  65   1              {
  66   2                      Moto=1;
  67   2              }
  68   1              else
  69   1              {
  70   2                      Moto=0;
  71   2              }
  72   1      }


MODULE INFORMATION:   STATIC OVERLAYABLE
   CODE SIZE        =    116    ----
   CONSTANT SIZE    =   ----    ----
   XDATA SIZE       =   ----    ----
   PDATA SIZE       =   ----    ----
   DATA SIZE        =      4    ----
   IDATA SIZE       =   ----    ----
   BIT SIZE         =   ----    ----
END OF MODULE INFORMATION.


C51 COMPILATION COMPLETE.  0 WARNING(S),  0 ERROR(S)
