C51 COMPILER V9.54   MAIN                                                                  12/18/2022 19:41:26 PAGE 1   


C51 COMPILER V9.54, COMPILATION OF MODULE MAIN
OBJECT MODULE PLACED IN .\Objects\main.obj
COMPILER INVOKED BY: D:\Keil_v5\C51\BIN\C51.EXE main.c OPTIMIZE(8,SPEED) BROWSE DEBUG OBJECTEXTEND PRINT(.\Listings\main
                    -.lst) OBJECT(.\Objects\main.obj)

line level    source

   1          #include <REGX52.H>
   2          #include "LCD1602.h"
   3          #include "Delay.h"
   4          /*
   5          LCD 
   6          开发板 P0
   7          p07 p06 p05 p04 p03 p02 p01 p00
   8          
   9          #define LCD_EN P3_4
  10          #define LCD_RS P3_5
  11          #define LCD_RW P3_6
  12          
  13          sbit LCD_EN=P3^4;
  14          sbit LCD_RS=P3^5;
  15          sbit LCD_RW=P3^6;
  16          
  17          sbit LCD_EN=0xB4;
  18          sbit LCD_RS=0xB5;
  19          sbit LCD_RW=0xB6;
  20          
  21          */
  22          void main()
  23          {
  24   1              int result=0;
  25   1              LCD_Init();
  26   1      
  27   1              LCD_ShowNum(1,1,result,3);
  28   1              while(1)
  29   1              {
  30   2                      result++;
  31   2                      Delay(1000);
  32   2                      LCD_ShowNum(1,1,result,3);
  33   2              }
  34   1      }


MODULE INFORMATION:   STATIC OVERLAYABLE
   CODE SIZE        =     53    ----
   CONSTANT SIZE    =   ----    ----
   XDATA SIZE       =   ----    ----
   PDATA SIZE       =   ----    ----
   DATA SIZE        =   ----       2
   IDATA SIZE       =   ----    ----
   BIT SIZE         =   ----    ----
END OF MODULE INFORMATION.


C51 COMPILATION COMPLETE.  0 WARNING(S),  0 ERROR(S)
