C51 COMPILER V9.54   I2C                                                                   12/27/2022 20:07:41 PAGE 1   


C51 COMPILER V9.54, COMPILATION OF MODULE I2C
OBJECT MODULE PLACED IN .\Objects\I2C.obj
COMPILER INVOKED BY: D:\Keil_v5\C51\BIN\C51.EXE I2C.c OPTIMIZE(8,SPEED) BROWSE DEBUG OBJECTEXTEND PRINT(.\Listings\I2C.l
                    -st) OBJECT(.\Objects\I2C.obj)

line level    source

   1          #include <REGX52.H>
   2          #include "I2C.h"
   3          
   4          sbit IIC_SCL=P2^1;
   5          sbit IIC_SDA=P2^0;
   6          
   7          void I2CStart()
   8          {
   9   1              IIC_SDA=1;
  10   1              IIC_SCL=1;
  11   1              
  12   1              IIC_SDA=0;
  13   1              IIC_SCL=0;
  14   1      }
  15          void I2CStop()
  16          {
  17   1              IIC_SDA = 0;
  18   1              IIC_SCL = 1;
  19   1              IIC_SDA = 1;
  20   1      }
  21          void I2CSendByte(unsigned char DATA)
  22          {
  23   1              unsigned char i=0;
  24   1              for(i=0;i<8;i++)
  25   1              {
  26   2                      IIC_SDA=DATA&(0X80>>i);
  27   2                      IIC_SCL=1;
  28   2                      IIC_SCL=0;
  29   2              }
  30   1      }
  31          unsigned char I2CReceiveByte()
  32          {
  33   1              unsigned char Byte=0,i=0;
  34   1              
  35   1              IIC_SDA=1;
  36   1              for(i=0;i<8;i++)
  37   1              {
  38   2                      IIC_SCL=1;
  39   2                      if(IIC_SDA==1)
  40   2                      {
  41   3                              Byte|=(0x80>>i);
  42   3                      }
  43   2                      IIC_SCL=0;
  44   2              }
  45   1              return Byte;
  46   1      }
  47          
  48          void I2CSendACK(bit AckBit)
  49          {
  50   1              IIC_SDA=AckBit;
  51   1              IIC_SCL=1;
  52   1              IIC_SCL=0;
  53   1      }
  54          bit I2CReceiveACK()
C51 COMPILER V9.54   I2C                                                                   12/27/2022 20:07:41 PAGE 2   

  55          {
  56   1              bit AckBit=0;
  57   1              IIC_SDA=1;
  58   1              IIC_SCL=1;
  59   1              AckBit=IIC_SDA;
  60   1              IIC_SCL=0;
  61   1              return AckBit;
  62   1      }


MODULE INFORMATION:   STATIC OVERLAYABLE
   CODE SIZE        =    111    ----
   CONSTANT SIZE    =   ----    ----
   XDATA SIZE       =   ----    ----
   PDATA SIZE       =   ----    ----
   DATA SIZE        =   ----    ----
   IDATA SIZE       =   ----    ----
   BIT SIZE         =   ----       2
END OF MODULE INFORMATION.


C51 COMPILATION COMPLETE.  0 WARNING(S),  0 ERROR(S)
