C51 COMPILER V9.54   MAIN                                                                  12/17/2022 15:27:52 PAGE 1   


C51 COMPILER V9.54, COMPILATION OF MODULE MAIN
OBJECT MODULE PLACED IN .\Objects\main.obj
COMPILER INVOKED BY: D:\Keil_v5\C51\BIN\C51.EXE main.c OPTIMIZE(8,SPEED) BROWSE DEBUG OBJECTEXTEND PRINT(.\Listings\main
                    -.lst) OBJECT(.\Objects\main.obj)

line level    source

   1          #include <REGX52.H>
   2          #include <intrins.h>
   3          
   4          /*
   5          LED 本开发板低电平点亮
   6          
   7          区分正负极
   8                  长正短负 
   9                  小负短正
  10                  
  11          TTL 
  12                  5v      +
  13                  0v      -
  14                  
  15          电路板 P1 
  16                          高                     低
  17          p17 p16 p15 p14 p13 p12 p11 p10
  18          
  19          结果
  20                  LED流水灯 时间间隔为500毫秒
  21          */
  22          
  23          void Delay1ms(unsigned int xms)         //@11.0592MHz
  24          {
  25   1              unsigned char i, j;
  26   1              while(xms)
  27   1              {
  28   2                      _nop_();
  29   2                      i = 2;
  30   2                      j = 199;
  31   2                      do
  32   2                      {
  33   3                              while (--j);
  34   3                      } while (--i);
  35   2                      
  36   2                      xms--;
  37   2              }       
  38   1      }
  39          
  40          
  41          void main(void)
  42          {
  43   1              while(1)
  44   1              {
  45   2                      P1=0XFE; // 1111 1110
  46   2                      Delay1ms(500);
  47   2                      P1=0XFD; // 1111 1101
  48   2                      Delay1ms(500);
  49   2                      P1=0XFB; // 1111 1011
  50   2                      Delay1ms(500);
  51   2                      P1=0XF7; // 1111 0111
  52   2                      Delay1ms(500);
  53   2                      P1=0XEF; // 1110 1111
  54   2                      Delay1ms(500);
C51 COMPILER V9.54   MAIN                                                                  12/17/2022 15:27:52 PAGE 2   

  55   2                      P1=0XDF; // 1101 1111
  56   2                      Delay1ms(500);
  57   2                      P1=0XBF; // 1011 1111
  58   2                      Delay1ms(500);
  59   2                      P1=0X7F; // 0111 1111
  60   2                      Delay1ms(500);
  61   2              }
  62   1      }


MODULE INFORMATION:   STATIC OVERLAYABLE
   CODE SIZE        =     75    ----
   CONSTANT SIZE    =   ----    ----
   XDATA SIZE       =   ----    ----
   PDATA SIZE       =   ----    ----
   DATA SIZE        =   ----    ----
   IDATA SIZE       =   ----    ----
   BIT SIZE         =   ----    ----
END OF MODULE INFORMATION.


C51 COMPILATION COMPLETE.  0 WARNING(S),  0 ERROR(S)
