C51 COMPILER V9.54   MAIN                                                                  12/23/2022 21:35:46 PAGE 1   


C51 COMPILER V9.54, COMPILATION OF MODULE MAIN
OBJECT MODULE PLACED IN .\Objects\main.obj
COMPILER INVOKED BY: D:\Keil_v5\C51\BIN\C51.EXE main.c OPTIMIZE(8,SPEED) BROWSE DEBUG OBJECTEXTEND PRINT(.\Listings\main
                    -.lst) OBJECT(.\Objects\main.obj)

line level    source

   1          #include <REGX52.h>
   2          #include <intrins.h>
   3          
   4          /*
   5          sfr             特殊功能寄存器
   6                  sfr P0      = 0x80;
   7          sbit    特殊位声明
   8                  sbit P1_0 = 0x90;
   9                  sbit P1_0 = P^1;
  10          
  11          */
  12          
  13          sbit RCK=P3^5;  //移位寄存器时钟
  14          sbit SCK=P3^6;  //输出锁存器时钟
  15          sbit SER=P3^4;  //串行数据口
  16          
  17          void _74HC595_WriteByte(unsigned char Byte)
  18          {
  19   1              unsigned char i;
  20   1              SCK=0; //输出锁存器时钟
  21   1              // Byte= 11000110
  22   1              for(i=0;i<8;i++)
  23   1              {       
  24   2                      RCK=0; //移位寄存器时钟
  25   2                      if(Byte & 0x01)//发送1
  26   2                              SER = 1;
  27   2                      else              //发送0
  28   2                              SER = 0;
  29   2                      RCK = 1;        //拉高移位寄存器时钟，数据移位
  30   2                      Byte >>= 1;//数据右移                 // 移进去8位
  31   2              }
  32   1              SCK=1;
  33   1      }
  34          /**
  35            * @brief  LED点阵屏显示一列数据
  36            * @param  Column 要选择的列，范围：0~7，0在最左边
  37            * @param  Data 选择列显示的数据，高位在上，1为亮，0为灭
  38            * @retval 无
  39            */
  40          void MatrixLED_ShowColumn(unsigned char Column, unsigned char Data)
  41          {
  42   1              unsigned char i,LIE,HANG;
  43   1              SCK=0; 
  44   1              LIE=~(0x01<<Column);
  45   1              HANG=Data;
  46   1              
  47   1              for(i=0;i<8;i++)
  48   1              {       
  49   2                      RCK=0; //移位寄存器时钟
  50   2                      if(LIE & 0x01)//发送1
  51   2                              SER = 1;
  52   2                      else              //发送0
  53   2                              SER = 0;
  54   2                      RCK = 1;        //拉高移位寄存器时钟，数据移位
C51 COMPILER V9.54   MAIN                                                                  12/23/2022 21:35:46 PAGE 2   

  55   2                      LIE >>= 1;//数据右移                 // 移进去8位
  56   2              }
  57   1              for(i=0;i<8;i++)
  58   1              {       
  59   2                      RCK=0; //移位寄存器时钟
  60   2                      if(HANG & 0x01)//发送1
  61   2                              SER = 1;
  62   2                      else              //发送0
  63   2                              SER = 0;
  64   2                      RCK = 1;        //拉高移位寄存器时钟，数据移位
  65   2                      HANG >>= 1;//数据右移                 // 移进去8位
  66   2              }
  67   1              
  68   1              SCK=1;
  69   1              
  70   1              
  71   1      }
  72          void main()
  73          {
  74   1               // _74HC595_WriteByte(0xF0);
  75   1              // MatrixLED_ShowColumn(5,0xAA);
  76   1              while(1)
  77   1              {
  78   2                      MatrixLED_ShowColumn(0,0x3C);
  79   2                      MatrixLED_ShowColumn(1,0x42);
  80   2                      MatrixLED_ShowColumn(2,0xA9);
  81   2                      MatrixLED_ShowColumn(3,0x85);
  82   2                      MatrixLED_ShowColumn(4,0x85);
  83   2                      MatrixLED_ShowColumn(5,0xA9);
  84   2                      MatrixLED_ShowColumn(6,0x42);
  85   2                      MatrixLED_ShowColumn(7,0x3C);
  86   2      
  87   2              }
  88   1      }
  89          


MODULE INFORMATION:   STATIC OVERLAYABLE
   CODE SIZE        =    153    ----
   CONSTANT SIZE    =   ----    ----
   XDATA SIZE       =   ----    ----
   PDATA SIZE       =   ----    ----
   DATA SIZE        =   ----    ----
   IDATA SIZE       =   ----    ----
   BIT SIZE         =   ----    ----
END OF MODULE INFORMATION.


C51 COMPILATION COMPLETE.  0 WARNING(S),  0 ERROR(S)
