C51 COMPILER V9.54   MAIN                                                                  12/25/2022 21:00:54 PAGE 1   


C51 COMPILER V9.54, COMPILATION OF MODULE MAIN
OBJECT MODULE PLACED IN .\Objects\main.obj
COMPILER INVOKED BY: D:\Keil_v5\C51\BIN\C51.EXE main.c OPTIMIZE(8,SPEED) BROWSE DEBUG OBJECTEXTEND PRINT(.\Listings\main
                    -.lst) OBJECT(.\Objects\main.obj)

line level    source

   1          #include <REGX52.H>
   2          #include "LCD1602.h"
   3          #include "DS1302.h"
   4          #include "Delay.h"
   5          #include "Key.h"
   6          #include "timer0.h"
   7          
   8          unsigned char KeyNum,MODE,TimeSetSelect,TimeSetFlashFlag;
   9          unsigned char DS1302_Time[]={22,12,25,21,1,0,7};
  10          
  11          void TimeShow(void)
  12          {
  13   1              DS1302_ReadTime(DS1302_Time);
  14   1              LCD_ShowNum(1,1,DS1302_Time[0],2);      
  15   1              LCD_ShowNum(1,4,DS1302_Time[1],2);      
  16   1              LCD_ShowNum(1,7,DS1302_Time[2],2);      
  17   1              LCD_ShowNum(2,1,DS1302_Time[3],2);      
  18   1              LCD_ShowNum(2,4,DS1302_Time[4],2);      
  19   1              LCD_ShowNum(2,7,DS1302_Time[5],2);      
  20   1      }
  21          
  22          void TimeSet(void)
  23          {
  24   1              if(KeyNum==2)
  25   1              {
  26   2                      TimeSetSelect++;
  27   2                      TimeSetSelect%=6;
  28   2              }
  29   1              if(KeyNum==3)
  30   1              {
  31   2                      DS1302_Time[TimeSetSelect]++;
  32   2                      if(DS1302_Time[0]>99){DS1302_Time[0]=0;}
  33   2                      
  34   2                      
  35   2                      if(DS1302_Time[1]>12){DS1302_Time[1]=1;}
  36   2                      
  37   2                      
  38   2                      if(DS1302_Time[1]==1 || DS1302_Time[1]==3 || DS1302_Time[1]==5 || DS1302_Time[1]==7 ||
  39   2                         DS1302_Time[1]==8 || DS1302_Time[1]==10|| DS1302_Time[1]==12 )
  40   2                      {
  41   3                              if(DS1302_Time[2]>31){DS1302_Time[2]=1;}
  42   3                      }
  43   2                      else if(DS1302_Time[1]==4 || DS1302_Time[1]==6 || DS1302_Time[1]==9 || DS1302_Time[1]==11)
  44   2                      {
  45   3                              if(DS1302_Time[2]>30){DS1302_Time[2]=1;}
  46   3                      }
  47   2                      else if(DS1302_Time[1]==2)
  48   2                      {
  49   3                              if(DS1302_Time[0]%4==0)
  50   3                              {
  51   4                                      if(DS1302_Time[2]>29){DS1302_Time[2]=1;}
  52   4                              }
  53   3                              else
  54   3                              {
C51 COMPILER V9.54   MAIN                                                                  12/25/2022 21:00:54 PAGE 2   

  55   4                                      if(DS1302_Time[2]>28){DS1302_Time[2]=1;}
  56   4                              }
  57   3                      }
  58   2                      
  59   2                      
  60   2                      if(DS1302_Time[3]>23){DS1302_Time[3]=0;}
  61   2                      if(DS1302_Time[4]>59){DS1302_Time[4]=0;}
  62   2                      if(DS1302_Time[5]>59){DS1302_Time[5]=0;}
  63   2              }
  64   1              
  65   1              if(KeyNum==4)
  66   1              {
  67   2                      DS1302_Time[TimeSetSelect]--;
  68   2                      if(DS1302_Time[0]<0){DS1302_Time[0]=99;}
  69   2                      
  70   2                      
  71   2                      if(DS1302_Time[1]<1){DS1302_Time[1]=12;}
  72   2                      
  73   2                      
  74   2                      if(DS1302_Time[1]==1 || DS1302_Time[1]==3 || DS1302_Time[1]==5 || DS1302_Time[1]==7 ||
  75   2                         DS1302_Time[1]==8 || DS1302_Time[1]==10|| DS1302_Time[1]==12 )
  76   2                      {
  77   3                              if(DS1302_Time[2]<1){DS1302_Time[2]=31;}
  78   3                              if(DS1302_Time[2]>31){DS1302_Time[2]=1;}
  79   3                      }
  80   2                      else if(DS1302_Time[1]==4 || DS1302_Time[1]==6 || DS1302_Time[1]==9 || DS1302_Time[1]==11)
  81   2                      {
  82   3                              if(DS1302_Time[2]<1){DS1302_Time[2]=30;}
  83   3                              if(DS1302_Time[2]>30){DS1302_Time[2]=1;}
  84   3                      }
  85   2                      else if(DS1302_Time[1]==2)
  86   2                      {
  87   3                              if(DS1302_Time[0]%4==0)
  88   3                              {
  89   4                                      if(DS1302_Time[2]<1){DS1302_Time[2]=29;}
  90   4                                      if(DS1302_Time[2]>29){DS1302_Time[2]=1;}
  91   4                              }
  92   3                              else
  93   3                              {
  94   4                                      if(DS1302_Time[2]<1){DS1302_Time[2]=28;}
  95   4                                      if(DS1302_Time[2]>28){DS1302_Time[2]=1;}
  96   4                              }
  97   3                      }
  98   2                      
  99   2                      
 100   2                      if(DS1302_Time[3]<0){DS1302_Time[3]=23;}
 101   2                      if(DS1302_Time[4]<0){DS1302_Time[4]=59;}
 102   2                      if(DS1302_Time[5]<0){DS1302_Time[5]=59;}
 103   2              }
 104   1              if(TimeSetSelect==0 && TimeSetFlashFlag==1){LCD_ShowString(1,1,"  ");}
 105   1              else {LCD_ShowNum(1,1,DS1302_Time[0],2);}
 106   1              if(TimeSetSelect==1 && TimeSetFlashFlag==1){LCD_ShowString(1,4,"  ");}
 107   1              else {LCD_ShowNum(1,4,DS1302_Time[1],2);}
 108   1              if(TimeSetSelect==2 && TimeSetFlashFlag==1){LCD_ShowString(1,7,"  ");}
 109   1              else {LCD_ShowNum(1,7,DS1302_Time[2],2);}
 110   1              if(TimeSetSelect==3 && TimeSetFlashFlag==1){LCD_ShowString(2,1,"  ");}
 111   1              else {LCD_ShowNum(2,1,DS1302_Time[3],2);}
 112   1              if(TimeSetSelect==4 && TimeSetFlashFlag==1){LCD_ShowString(2,4,"  ");}
 113   1              else {LCD_ShowNum(2,4,DS1302_Time[4],2);}
 114   1              if(TimeSetSelect==5 && TimeSetFlashFlag==1){LCD_ShowString(2,7,"  ");}
 115   1              else {LCD_ShowNum(2,7,DS1302_Time[5],2);}               
 116   1              
C51 COMPILER V9.54   MAIN                                                                  12/25/2022 21:00:54 PAGE 3   

 117   1      }
 118          
 119          void main()
 120          {
 121   1              
 122   1              LCD_Init();
 123   1              DS1302_Init();
 124   1              Timer0Init();
 125   1              LCD_ShowString(1,1,"  -  -  ");
 126   1              LCD_ShowString(2,1,"  :  :  ");
 127   1              
 128   1              DS1302_SetTime(DS1302_Time);
 129   1              
 130   1              while(1)
 131   1              {
 132   2                      KeyNum=Key();
 133   2                      if(KeyNum==1)
 134   2                      {
 135   3                              if(MODE==0){MODE=1;TimeSetSelect=0;}
 136   3                              else if(MODE==1){MODE=0;DS1302_SetTime(DS1302_Time);}
 137   3                      }
 138   2                      switch(MODE)
 139   2                      {
 140   3                              case 0:TimeShow();break;
 141   3                              case 1:TimeSet();break;
 142   3                      }
 143   2              }
 144   1      }
 145          
 146          void Timer0_Routine() interrupt 1
 147          {
 148   1              static unsigned int T0Count;
 149   1              TL0 = 0x18;             //设置定时初值
 150   1              TH0 = 0xFC;             //设置定时初值
 151   1              T0Count++;
 152   1              if(T0Count>=500)
 153   1              {
 154   2                      T0Count=0;
 155   2                      TimeSetFlashFlag=!TimeSetFlashFlag;
 156   2              }
 157   1      }


MODULE INFORMATION:   STATIC OVERLAYABLE
   CODE SIZE        =    904    ----
   CONSTANT SIZE    =     21    ----
   XDATA SIZE       =   ----    ----
   PDATA SIZE       =   ----    ----
   DATA SIZE        =     13    ----
   IDATA SIZE       =   ----    ----
   BIT SIZE         =   ----    ----
END OF MODULE INFORMATION.


C51 COMPILATION COMPLETE.  0 WARNING(S),  0 ERROR(S)
