C51 COMPILER V9.54   TIMER0                                                                12/25/2022 21:00:55 PAGE 1   


C51 COMPILER V9.54, COMPILATION OF MODULE TIMER0
OBJECT MODULE PLACED IN .\Objects\Timer0.obj
COMPILER INVOKED BY: D:\Keil_v5\C51\BIN\C51.EXE Timer0.c OPTIMIZE(8,SPEED) BROWSE DEBUG OBJECTEXTEND PRINT(.\Listings\Ti
                    -mer0.lst) OBJECT(.\Objects\Timer0.obj)

line level    source

   1          #include <REGX52.h>
   2          #include "timer0.h"
   3          
   4          /**
   5             * @brief     定时器0初始化 1毫秒@11.0592MHz
   6             * @param     无
   7             * @retval    无
   8             */
   9          void Timer0Init(void)           //1毫秒@11.0592MHz
  10          {
  11   1              TMOD&=0xF0;             //设置定时器模式
  12   1              TMOD|=0x01;             //设置定时器模式
  13   1              
  14   1              TL0=0x66;               //设置定时初值
  15   1              TH0=0xFC;               //设置定时初值
  16   1              
  17   1              TF0=0;                  //清除TF0标志
  18   1              TR0=1;                  //定时器0开始计时
  19   1              
  20   1      
  21   1              ET0=1;
  22   1              EA=1;                   // 开总中断
  23   1              PT0=0;
  24   1      }
  25          
  26          /**
  27             * @brief 定时器中断函数模板
  28             * @param
  29             * @retval
  30             */
  31          /*
  32          void Timer0_Routine() interrupt 1
  33          {
  34                  static unsigned int T0Count=0; // static静态
  35                  
  36                  TL0=0x66;
  37                  TH0=0xFC;
  38                  
  39                  T0Count++;
  40                  
  41                  if(T0Count>=1000)
  42                  {
  43                          T0Count=0;
  44                          P1_0=~P1_0; 
  45                  }       
  46          }
  47          */


MODULE INFORMATION:   STATIC OVERLAYABLE
   CODE SIZE        =     23    ----
   CONSTANT SIZE    =   ----    ----
   XDATA SIZE       =   ----    ----
   PDATA SIZE       =   ----    ----
C51 COMPILER V9.54   TIMER0                                                                12/25/2022 21:00:55 PAGE 2   

   DATA SIZE        =   ----    ----
   IDATA SIZE       =   ----    ----
   BIT SIZE         =   ----    ----
END OF MODULE INFORMATION.


C51 COMPILATION COMPLETE.  0 WARNING(S),  0 ERROR(S)
