C51 COMPILER V9.54   MAIN                                                                  12/17/2022 15:14:59 PAGE 1   


C51 COMPILER V9.54, COMPILATION OF MODULE MAIN
OBJECT MODULE PLACED IN .\Objects\main.obj
COMPILER INVOKED BY: D:\Keil_v5\C51\BIN\C51.EXE main.c OPTIMIZE(8,SPEED) BROWSE DEBUG OBJECTEXTEND PRINT(.\Listings\main
                    -.lst) OBJECT(.\Objects\main.obj)

line level    source

   1          #include <REGX52.H>
   2          #include<intrins.h>
   3          
   4          /*
   5          
   6          LED 本开发板低电平点亮
   7          区分正负极
   8                  长正短负 
   9                  小负短正
  10          TTL 
  11                  5v      +
  12                  0v      -
  13          电路板 P1 
  14                          高                     低
  15          p17 p16 p15 p14 p13 p12 p11 p10
  16          
  17          延时函数 Delay500ms
  18                  频率          11.0592MHz
  19                  定时长度    500毫秒
  20                  指令集               STC-Y1
  21          结果
  22                  LED1每隔500毫秒闪烁一次
  23          */
  24          void Delay500ms()               //@11.0592MHz
  25          {
  26   1              unsigned char i, j, k;
  27   1      
  28   1              _nop_();
  29   1              i = 4;
  30   1              j = 129;
  31   1              k = 119;
  32   1              do
  33   1              {
  34   2                      do
  35   2                      {
  36   3                              while (--k);
  37   3                      } while (--j);
  38   2              } while (--i);
  39   1      }
  40          
  41          
  42          void main(void)
  43          {
  44   1              while(1)
  45   1              {
  46   2                      P1=0XFE; // 1111 1110
  47   2                      Delay500ms();
  48   2                      P1=0XFD; // 1111 1101
  49   2                      Delay500ms();
  50   2                      P1=0XFB; // 1111 1011
  51   2                      Delay500ms();
  52   2                      P1=0XF7; // 1111 0111
  53   2                      Delay500ms();
  54   2                      P1=0XEF; // 1110 1111
C51 COMPILER V9.54   MAIN                                                                  12/17/2022 15:14:59 PAGE 2   

  55   2                      Delay500ms();
  56   2                      P1=0XDF; // 1101 1111
  57   2                      Delay500ms();
  58   2                      P1=0XBF; // 1011 1111
  59   2                      Delay500ms();
  60   2                      P1=0X7F; // 0111 1111
  61   2                      Delay500ms();
  62   2              }
  63   1      }


MODULE INFORMATION:   STATIC OVERLAYABLE
   CODE SIZE        =     64    ----
   CONSTANT SIZE    =   ----    ----
   XDATA SIZE       =   ----    ----
   PDATA SIZE       =   ----    ----
   DATA SIZE        =   ----    ----
   IDATA SIZE       =   ----    ----
   BIT SIZE         =   ----    ----
END OF MODULE INFORMATION.


C51 COMPILATION COMPLETE.  0 WARNING(S),  0 ERROR(S)
