C51 COMPILER V9.54   MAIN                                                                  12/31/2022 21:29:43 PAGE 1   


C51 COMPILER V9.54, COMPILATION OF MODULE MAIN
OBJECT MODULE PLACED IN .\Objects\main.obj
COMPILER INVOKED BY: D:\Keil_v5\C51\BIN\C51.EXE main.c OPTIMIZE(8,SPEED) BROWSE DEBUG OBJECTEXTEND PRINT(.\Listings\main
                    -.lst) OBJECT(.\Objects\main.obj)

line level    source

   1          #include <REGX52.H>
   2          #include "Delay.h"
   3          #include "LCD1602.h"
   4          #include "timer0.h"
   5          #include "IR.h"
   6          /*
   7          红外遥控
   8                  有红外LED将调制后的信号发出 由专门的接收头进行解调输出
   9          通信方式    
  10                  单工 异步
  11          红外LED波长
  12                  940nm
  13          通信协议
  14                  NEC
  15          基本发送与接收
  16                  空闲状态    红外LED不亮 接收头输出高电平
  17                  发送低电平 红外LED以30KHz频率闪烁发光 接收头输出低电平
  18                  发送高电平 红外LED不亮 接收头输出高电平
  19          NEC编码
  20                  Start   9ms低+4.5ms高
  21                  DATA    地址码+地址码反码+命令+命令反码(低位在前 高位在后)
  22                                  560us低+560us高               0
  23                                  560us低+1690us高      1
  24                  Repeat  9ms低+2.25ms高
  25                          110ms
  26          外部中断
  27                  下降沿和低电平触发
  28          */
  29          unsigned char Num;
  30          unsigned char Address;
  31          unsigned char Command;
  32          
  33          void main()
  34          {
  35   1              unsigned int Time=0;
  36   1              LCD_Init();
  37   1              IR_Init();
  38   1              
  39   1              LCD_ShowString(1,1,"ADDR  CMD  NUM");
  40   1              LCD_ShowString(2,1,"00    00   000");
  41   1              
  42   1              while(1)
  43   1              {
  44   2                      if(IR_GetDataFlag() || IR_GetRepeatFlag())      //如果收到数据帧或者收到连发帧
  45   2                      {
  46   3                              Address=IR_GetAddress();                //获取遥控器地址码
  47   3                              Command=IR_GetCommand();                //获取遥控器命令码
  48   3                              
  49   3                              LCD_ShowHexNum(2,1,Address,2);  //显示遥控器地址码
  50   3                              LCD_ShowHexNum(2,7,Command,2);  //显示遥控器命令码
  51   3                      }
  52   2                      if(Command==IR_VOL_MINUS)               //如果遥控器VOL-按键按下
  53   2                      {
  54   3                              Num--;                                          //Num自减
C51 COMPILER V9.54   MAIN                                                                  12/31/2022 21:29:43 PAGE 2   

  55   3                      }
  56   2                      if(Command==IR_VOL_ADD)                 //如果遥控器VOL+按键按下
  57   2                      {
  58   3                              Num++;                                          //Num自增
  59   3                      }
  60   2                      LCD_ShowNum(2,12,Num,3);                //显示Num
  61   2              }
  62   1      }


MODULE INFORMATION:   STATIC OVERLAYABLE
   CODE SIZE        =    120    ----
   CONSTANT SIZE    =     30    ----
   XDATA SIZE       =   ----    ----
   PDATA SIZE       =   ----    ----
   DATA SIZE        =      3       2
   IDATA SIZE       =   ----    ----
   BIT SIZE         =   ----    ----
END OF MODULE INFORMATION.


C51 COMPILATION COMPLETE.  0 WARNING(S),  0 ERROR(S)
