C51 COMPILER V9.54   MATRIXKEY                                                             12/18/2022 20:57:34 PAGE 1   


C51 COMPILER V9.54, COMPILATION OF MODULE MATRIXKEY
OBJECT MODULE PLACED IN .\Objects\MatrixKey.obj
COMPILER INVOKED BY: D:\Keil_v5\C51\BIN\C51.EXE MatrixKey.c OPTIMIZE(8,SPEED) BROWSE DEBUG OBJECTEXTEND PRINT(.\Listings
                    -\MatrixKey.lst) OBJECT(.\Objects\MatrixKey.obj)

line level    source

   1          #include <REGX52.H>
   2          #include "MatrixKey.h"
   3          #include "Delay.h"
   4          
   5          // 开发板 P3
   6          unsigned char MatrixKey()
   7          {
   8   1              unsigned char KeyNumber=0 ;
   9   1              
  10   1              P3=0xFF;
  11   1              
  12   1              P3_4=0;
  13   1              if(P3_0==0){Delay(20);while(P3_0==0);Delay(20);KeyNumber=1;}
  14   1              if(P3_1==0){Delay(20);while(P3_1==0);Delay(20);KeyNumber=4;}
  15   1              if(P3_2==0){Delay(20);while(P3_2==0);Delay(20);KeyNumber=7;}
  16   1              if(P3_3==0){Delay(20);while(P3_3==0);Delay(20);KeyNumber=11;}
  17   1              
  18   1              P3_5=0;
  19   1              if(P3_0==0){Delay(20);while(P3_0==0);Delay(20);KeyNumber=2;}
  20   1              if(P3_1==0){Delay(20);while(P3_1==0);Delay(20);KeyNumber=5;}
  21   1              if(P3_2==0){Delay(20);while(P3_2==0);Delay(20);KeyNumber=8;}
  22   1              if(P3_3==0){Delay(20);while(P3_3==0);Delay(20);KeyNumber=10;}
  23   1              
  24   1              P3_6=0;
  25   1              if(P3_0==0){Delay(20);while(P3_0==0);Delay(20);KeyNumber=3;}
  26   1              if(P3_1==0){Delay(20);while(P3_1==0);Delay(20);KeyNumber=6;}
  27   1              if(P3_2==0){Delay(20);while(P3_2==0);Delay(20);KeyNumber=9;}
  28   1              if(P3_3==0){Delay(20);while(P3_3==0);Delay(20);KeyNumber=12;}
  29   1              
  30   1      //      P3_7=0;
  31   1      //      if(P3_0==0){Delay(20);while(P3_0==0);Delay(20);KeyNumber=1;}
  32   1      //      if(P3_1==0){Delay(20);while(P3_1==0);Delay(20);KeyNumber=4;}
  33   1      //      if(P3_2==0){Delay(20);while(P3_2==0);Delay(20);KeyNumber=7;}
  34   1      //      if(P3_3==0){Delay(20);while(P3_3==0);Delay(20);KeyNumber=1;}
  35   1              
  36   1              return KeyNumber;
  37   1      }
  38          


MODULE INFORMATION:   STATIC OVERLAYABLE
   CODE SIZE        =    290    ----
   CONSTANT SIZE    =   ----    ----
   XDATA SIZE       =   ----    ----
   PDATA SIZE       =   ----    ----
   DATA SIZE        =   ----       1
   IDATA SIZE       =   ----    ----
   BIT SIZE         =   ----    ----
END OF MODULE INFORMATION.


C51 COMPILATION COMPLETE.  0 WARNING(S),  0 ERROR(S)
