C51 COMPILER V9.54   UART                                                                  12/19/2022 20:23:20 PAGE 1   


C51 COMPILER V9.54, COMPILATION OF MODULE UART
OBJECT MODULE PLACED IN .\Objects\UART.obj
COMPILER INVOKED BY: D:\Keil_v5\C51\BIN\C51.EXE UART.c OPTIMIZE(8,SPEED) BROWSE DEBUG OBJECTEXTEND PRINT(.\Listings\UART
                    -.lst) OBJECT(.\Objects\UART.obj)

line level    source

   1          #include <REGX52.h>
   2          #include "UART.h"
   3          
   4          void UART_Init() //4800bps@11.0592MHz
   5          {
   6   1              PCON &= 0x7F;           //波特率不倍速
   7   1              SCON = 0x50;            //8位数据,可变波特率
   8   1      
   9   1              TMOD &= 0x0F;           //清除定时器1模式位
  10   1              TMOD |= 0x20;           //设定定时器1为8位自动重装方式
  11   1              
  12   1              TL1 = 0xFA;             //设定定时初值
  13   1              TH1 = 0xFA;             //设定定时器重装值
  14   1              
  15   1              ET1 = 0;                //禁止定时器1中断
  16   1              TR1 = 1;                //启动定时器1
  17   1                      
  18   1      }
  19          
  20          
  21          void UART_SendByte(unsigned char Byte)
  22          {
  23   1              SBUF=Byte;
  24   1              
  25   1              while(TI==0)
  26   1              {
  27   2                      ;
  28   2              }
  29   1              
  30   1              TI=0;//软件复位
  31   1      }


MODULE INFORMATION:   STATIC OVERLAYABLE
   CODE SIZE        =     31    ----
   CONSTANT SIZE    =   ----    ----
   XDATA SIZE       =   ----    ----
   PDATA SIZE       =   ----    ----
   DATA SIZE        =   ----    ----
   IDATA SIZE       =   ----    ----
   BIT SIZE         =   ----    ----
END OF MODULE INFORMATION.


C51 COMPILATION COMPLETE.  0 WARNING(S),  0 ERROR(S)
