C51 COMPILER V9.54   MAIN                                                                  12/17/2022 19:18:19 PAGE 1   


C51 COMPILER V9.54, COMPILATION OF MODULE MAIN
OBJECT MODULE PLACED IN .\Objects\main.obj
COMPILER INVOKED BY: D:\Keil_v5\C51\BIN\C51.EXE main.c OPTIMIZE(8,SPEED) BROWSE DEBUG OBJECTEXTEND PRINT(.\Listings\main
                    -.lst) OBJECT(.\Objects\main.obj)

line level    source

   1          #include <REGX52.H>
   2          #include <intrins.h>
   3          
   4          /*
   5          矩阵按键 本开发板低电平按下
   6          
   7          开发板
   8                  s2-P30 s3-P31 s4-P32 s5-P33
   9          结果
  10                  按下s2按键后 LED依次左移闪烁
  11                  按下s3按键后 LED依次右移闪烁
  12          */
  13          
  14          void Delay(unsigned int xms)            //@11.0592MHz
  15          {
  16   1              while(xms--)
  17   1              {
  18   2                      unsigned char i, j;
  19   2      
  20   2                      _nop_();
  21   2                      i = 2;
  22   2                      j = 199;
  23   2                      do
  24   2                      {
  25   3                              while (--j);
  26   3                      } while (--i);
  27   2              }
  28   1      }
  29          
  30          void main()
  31          {       
  32   1              unsigned char LedNum=0;
  33   1              P1=~0x01;
  34   1              while(1)
  35   1              {
  36   2                      // 左移
  37   2                      if(P3_0==0) // 如果s2被按下
  38   2                      {
  39   3                              Delay(30); // 按下消抖
  40   3                              while(P3_0==0) //一直按下的情况
  41   3                              {
  42   4                                      ;
  43   4                              } // 松手情况
  44   3                              Delay(30); // 松手消抖
  45   3                              
  46   3                              LedNum++;
  47   3                              if(LedNum>=8)
  48   3                              {
  49   4                                      LedNum=0;
  50   4                              }
  51   3                              P1=~(0x01<<LedNum);
  52   3                      }
  53   2                      
  54   2                      // 右移
C51 COMPILER V9.54   MAIN                                                                  12/17/2022 19:18:19 PAGE 2   

  55   2                      if(P3_1==0) // 如果s2被按下
  56   2                      {
  57   3                              Delay(30); // 按下消抖
  58   3                              while(P3_1==0) //一直按下的情况
  59   3                              {
  60   4                                      ;
  61   4                              } // 松手情况
  62   3                              Delay(30); // 松手消抖
  63   3                              
  64   3                              if(LedNum==0)
  65   3                              {
  66   4                                      LedNum=7;
  67   4                              }
  68   3                              else
  69   3                              {
  70   4                                      LedNum--;
  71   4                              }
  72   3              
  73   3                              P1=~(0x01<<LedNum);
  74   3                      }
  75   2              }
  76   1      }       


MODULE INFORMATION:   STATIC OVERLAYABLE
   CODE SIZE        =    106    ----
   CONSTANT SIZE    =   ----    ----
   XDATA SIZE       =   ----    ----
   PDATA SIZE       =   ----    ----
   DATA SIZE        =   ----       2
   IDATA SIZE       =   ----    ----
   BIT SIZE         =   ----    ----
END OF MODULE INFORMATION.


C51 COMPILATION COMPLETE.  0 WARNING(S),  0 ERROR(S)
